{"logTime": "0403/173733", "correlationVector":"irrqM3CcncUw2zoQJbY6LK.1","action":"SyncServerConnectionManagerRequest", "result":"SYNC_SERVER_OK", "context":{"environment":"Prod_SoutheastAsia_000j", "migrationStage":"NotStarted", "server":"GENERAL0100000U"}}
{"logTime": "0403/173733", "correlationVector":"irrqM3CcncUw2zoQJbY6LK","action":"Initial GetUpdates", "result":"", "context":Reason: NEW_CLIENT. cV=irrqM3CcncUw2zoQJbY6LK}
{"logTime": "0403/173733", "correlationVector":"irrqM3CcncUw2zoQJbY6LK.2","action":"GetUpdates Response", "result":"Success", "context":Received 1 update(s). cV=irrqM3CcncUw2zoQJbY6LK.0;server=GENERAL0100000U;cloudType=Consumer;environment=Prod_SoutheastAsia_000j;migrationStage=NotStarted}
{"logTime": "0403/173735", "correlationVector":"7ZH5B9ptZSNRtK5nDkzO24","action":"SyncServerConnectionManagerRequest", "result":"SYNC_SERVER_OK", "context":{"environment":"", "migrationStage":"", "server":""}}
{"logTime": "0403/173735", "correlationVector":"YFFvRUJZ9ATleOmOt2rrId","action":"Initial GetUpdates", "result":"", "context":Reason: NEW_CLIENT. cV=YFFvRUJZ9ATleOmOt2rrId}
{"logTime": "0403/173736", "correlationVector":"YFFvRUJZ9ATleOmOt2rrId.1","action":"SyncServerConnectionManagerRequest", "result":"SYNC_SERVER_OK", "context":{"environment":"Prod_SoutheastAsia_000j", "migrationStage":"NotStarted", "server":"GENERAL0300000E"}}
{"logTime": "0403/173736", "correlationVector":"YFFvRUJZ9ATleOmOt2rrId.2","action":"GetUpdates Response", "result":"Success", "context":Received 1 update(s). cV=YFFvRUJZ9ATleOmOt2rrId.0;server=GENERAL0300000E;cloudType=Consumer;environment=Prod_SoutheastAsia_000j;migrationStage=NotStarted}
{"logTime": "0403/173736", "correlationVector":"plJgBy8qcql834ealuifHb","action":"Normal GetUpdate request", "result":"", "context":cV=plJgBy8qcql834ealuifHb
Nudged types: Device Info, User Consents
Refresh requested types: Device Info, User Consents, Send Tab To Self, Encryption Keys}
{"logTime": "0403/173736", "correlationVector":"plJgBy8qcql834ealuifHb.1","action":"SyncServerConnectionManagerRequest", "result":"SYNC_SERVER_OK", "context":{"environment":"Prod_SoutheastAsia_000j", "migrationStage":"NotStarted", "server":"GENERAL01000004"}}
{"logTime": "0403/173736", "correlationVector":"plJgBy8qcql834ealuifHb.2","action":"GetUpdates Response", "result":"Success", "context":Received 0 update(s). cV=plJgBy8qcql834ealuifHb.0;server=GENERAL01000004;cloudType=Consumer;environment=Prod_SoutheastAsia_000j;migrationStage=NotStarted}
{"logTime": "0403/173736", "correlationVector":"YRlekHBDZO6APx934FoIfT","action":"Commit Request", "result":"", "context":Item count: 2
Contributing types: Device Info, User Consents}
{"logTime": "0403/173738", "correlationVector":"YRlekHBDZO6APx934FoIfT.1","action":"SyncServerConnectionManagerRequest", "result":"SYNC_SERVER_OK", "context":{"environment":"Prod_SoutheastAsia_000j", "migrationStage":"NotStarted", "server":"GENERAL01000004"}}
{"logTime": "0403/173738", "correlationVector":"YRlekHBDZO6APx934FoIfT.2","action":"Commit Response", "result":"Success", "context":Result: Success. cV=YRlekHBDZO6APx934FoIfT.0;server=GENERAL01000004;cloudType=Consumer;environment=Prod_SoutheastAsia_000j;migrationStage=NotStarted}
{"logTime": "0403/173738", "correlationVector":"zd29ga4JZTv53lf85Wn8WD","action":"Normal GetUpdate request", "result":"", "context":cV=zd29ga4JZTv53lf85Wn8WD
Nudged types: Device Info}
{"logTime": "0403/173738", "correlationVector":"zd29ga4JZTv53lf85Wn8WD.1","action":"SyncServerConnectionManagerRequest", "result":"SYNC_SERVER_OK", "context":{"environment":"Prod_SoutheastAsia_000j", "migrationStage":"NotStarted", "server":"GENERAL01000000"}}
{"logTime": "0403/173738", "correlationVector":"zd29ga4JZTv53lf85Wn8WD.2","action":"GetUpdates Response", "result":"Success", "context":Received 1 update(s). cV=zd29ga4JZTv53lf85Wn8WD.0;server=GENERAL01000000;cloudType=Consumer;environment=Prod_SoutheastAsia_000j;migrationStage=NotStarted}
{"logTime": "0403/173923", "correlationVector":"tW99it7d6c0Iwf1RSXo41a.1","action":"SyncServerConnectionManagerRequest", "result":"SYNC_SERVER_OK", "context":{"environment":"Prod_SoutheastAsia_000j", "migrationStage":"NotStarted", "server":"GENERAL0100000N"}}
{"logTime": "0403/173923", "correlationVector":"tW99it7d6c0Iwf1RSXo41a","action":"Initial GetUpdates", "result":"", "context":Reason: NEW_CLIENT. cV=tW99it7d6c0Iwf1RSXo41a}
{"logTime": "0403/173923", "correlationVector":"tW99it7d6c0Iwf1RSXo41a.2","action":"GetUpdates Response", "result":"Success", "context":Received 1 update(s). cV=tW99it7d6c0Iwf1RSXo41a.0;server=GENERAL0100000N;cloudType=Consumer;environment=Prod_SoutheastAsia_000j;migrationStage=NotStarted}
{"logTime": "0403/173923", "correlationVector":"86lsov/UbLlmHyiSQtyrYr","action":"Normal GetUpdate request", "result":"", "context":cV=86lsov/UbLlmHyiSQtyrYr
Refresh requested types: Device Info, User Consents, Send Tab To Self, Encryption Keys}
{"logTime": "0403/173923", "correlationVector":"86lsov/UbLlmHyiSQtyrYr.1","action":"SyncServerConnectionManagerRequest", "result":"SYNC_SERVER_OK", "context":{"environment":"Prod_SoutheastAsia_000j", "migrationStage":"NotStarted", "server":"GENERAL0300002C"}}
{"logTime": "0403/173923", "correlationVector":"86lsov/UbLlmHyiSQtyrYr.2","action":"GetUpdates Response", "result":"Success", "context":Received 0 update(s). cV=86lsov/UbLlmHyiSQtyrYr.0;server=GENERAL0300002C;cloudType=Consumer;environment=Prod_SoutheastAsia_000j;migrationStage=NotStarted}
{"logTime": "0403/173924", "correlationVector":"nbcjhB5FEceQYm4p83S1La","action":"SyncServerConnectionManagerRequest", "result":"SYNC_SERVER_OK", "context":{"environment":"", "migrationStage":"", "server":""}}
{"logTime": "0403/173924", "correlationVector":"BNCVMGDanlGfAF/6qDXiT/","action":"Initial GetUpdates", "result":"", "context":Reason: RECONFIGURATION. cV=BNCVMGDanlGfAF/6qDXiT/}
{"logTime": "0403/173925", "correlationVector":"BNCVMGDanlGfAF/6qDXiT/.1","action":"SyncServerConnectionManagerRequest", "result":"SYNC_SERVER_OK", "context":{"environment":"Prod_SoutheastAsia_000j", "migrationStage":"NotStarted", "server":"GENERAL0300002A"}}
{"logTime": "0403/173925", "correlationVector":"BNCVMGDanlGfAF/6qDXiT/.2","action":"GetUpdates Response", "result":"Success", "context":Received 79 update(s). cV=BNCVMGDanlGfAF/6qDXiT/.0;server=GENERAL0300002A;cloudType=Consumer;environment=Prod_SoutheastAsia_000j;migrationStage=NotStarted}
{"logTime": "0403/173925", "correlationVector":"4+ThugtqWra/At60pGknw9","action":"Initial GetUpdates", "result":"", "context":Reason: NEWLY_SUPPORTED_DATATYPE. cV=4+ThugtqWra/At60pGknw9}
{"logTime": "0403/173925", "correlationVector":"4+ThugtqWra/At60pGknw9.1","action":"SyncServerConnectionManagerRequest", "result":"SYNC_SERVER_OK", "context":{"environment":"Prod_SoutheastAsia_000j", "migrationStage":"NotStarted", "server":"GENERAL01000019"}}
{"logTime": "0403/173925", "correlationVector":"4+ThugtqWra/At60pGknw9.2","action":"GetUpdates Response", "result":"Success", "context":Received 118 update(s). cV=4+ThugtqWra/At60pGknw9.0;server=GENERAL01000019;cloudType=Consumer;environment=Prod_SoutheastAsia_000j;migrationStage=NotStarted}
{"logTime": "0403/173925", "correlationVector":"3aQ4kCsbJf1xjGJN9FMa19","action":"Initial GetUpdates", "result":"", "context":Reason: NEWLY_SUPPORTED_DATATYPE. cV=3aQ4kCsbJf1xjGJN9FMa19}
{"logTime": "0403/173926", "correlationVector":"3aQ4kCsbJf1xjGJN9FMa19.1","action":"SyncServerConnectionManagerRequest", "result":"SYNC_SERVER_OK", "context":{"environment":"Prod_SoutheastAsia_000j", "migrationStage":"NotStarted", "server":"GENERAL01000012"}}
{"logTime": "0403/173926", "correlationVector":"3aQ4kCsbJf1xjGJN9FMa19.2","action":"GetUpdates", "result":"DeleteReceived", "context":{"id":"d546fcb7-6a26-4e62-9e6d-26034be8a2bc", "isDeleted:":"true", "version":"1704814472314"}}
{"logTime": "0403/173926", "correlationVector":"3aQ4kCsbJf1xjGJN9FMa19.3","action":"GetUpdates", "result":"DeleteReceived", "context":{"id":"af4d5738-8b21-4f79-82b7-ee895b305b0a", "isDeleted:":"true", "version":"1706022166946"}}
{"logTime": "0403/173926", "correlationVector":"3aQ4kCsbJf1xjGJN9FMa19.4","action":"GetUpdates", "result":"DeleteReceived", "context":{"id":"18ba2ca1-56a3-426a-ba00-26b95682517d", "isDeleted:":"true", "version":"1706887467433"}}
{"logTime": "0403/173926", "correlationVector":"3aQ4kCsbJf1xjGJN9FMa19.5","action":"GetUpdates", "result":"DeleteReceived", "context":{"id":"fc88fdff-308a-4d1d-8abf-3c1ddf346528", "isDeleted:":"true", "version":"1707450926064"}}
{"logTime": "0403/173926", "correlationVector":"3aQ4kCsbJf1xjGJN9FMa19.6","action":"GetUpdates", "result":"DeleteReceived", "context":{"id":"f1f7ae66-569a-43ff-8877-9172f36d5a32", "isDeleted:":"true", "version":"1707769384491"}}
{"logTime": "0403/173926", "correlationVector":"3aQ4kCsbJf1xjGJN9FMa19.7","action":"GetUpdates", "result":"DeleteReceived", "context":{"id":"062636d7-b20b-4cac-8590-bdefd621df0d", "isDeleted:":"true", "version":"1707853437918"}}
{"logTime": "0403/173926", "correlationVector":"3aQ4kCsbJf1xjGJN9FMa19.8","action":"GetUpdates", "result":"DeleteReceived", "context":{"id":"0423a3d6-4c47-4e26-90d5-19a91d0d603a", "isDeleted:":"true", "version":"1708402419046"}}
{"logTime": "0403/173926", "correlationVector":"3aQ4kCsbJf1xjGJN9FMa19.9","action":"GetUpdates", "result":"DeleteReceived", "context":{"id":"51a8f66f-129c-4abe-8d80-e03c87b9d1a3", "isDeleted:":"true", "version":"1708973471845"}}
{"logTime": "0403/173926", "correlationVector":"3aQ4kCsbJf1xjGJN9FMa19.10","action":"GetUpdates", "result":"DeleteReceived", "context":{"id":"d0e12762-7ed1-447b-a703-10ce1b0da205", "isDeleted:":"true", "version":"1709059272708"}}
{"logTime": "0403/173926", "correlationVector":"3aQ4kCsbJf1xjGJN9FMa19.11","action":"GetUpdates", "result":"DeleteReceived", "context":{"id":"10feb788-0b47-4fa1-a1b6-baae0b98e034", "isDeleted:":"true", "version":"1709094158931"}}
{"logTime": "0403/173926", "correlationVector":"3aQ4kCsbJf1xjGJN9FMa19.12","action":"GetUpdates", "result":"DeleteReceived", "context":{"id":"79728639-df94-4448-9cb1-55bedbc4d1e8", "isDeleted:":"true", "version":"1709915793496"}}
{"logTime": "0403/173926", "correlationVector":"3aQ4kCsbJf1xjGJN9FMa19.13","action":"GetUpdates", "result":"DeleteReceived", "context":{"id":"3675de97-f7ea-42d7-81c2-3f7b749b2a13", "isDeleted:":"true", "version":"1709992684771"}}
{"logTime": "0403/173926", "correlationVector":"3aQ4kCsbJf1xjGJN9FMa19.14","action":"GetUpdates", "result":"DeleteReceived", "context":{"id":"24f51998-99cd-43d7-bc45-3e367884f6a6", "isDeleted:":"true", "version":"1709992684772"}}
{"logTime": "0403/173926", "correlationVector":"3aQ4kCsbJf1xjGJN9FMa19.15","action":"GetUpdates", "result":"DeleteReceived", "context":{"id":"ca3349e7-4aa1-4246-9f11-761c79c23802", "isDeleted:":"true", "version":"1710697965426"}}
{"logTime": "0403/173926", "correlationVector":"3aQ4kCsbJf1xjGJN9FMa19.16","action":"GetUpdates", "result":"DeleteReceived", "context":{"id":"6fe045b5-471d-4b01-9fd6-d883547dcb39", "isDeleted:":"true", "version":"1710846797438"}}
{"logTime": "0403/173926", "correlationVector":"3aQ4kCsbJf1xjGJN9FMa19.17","action":"GetUpdates", "result":"DeleteReceived", "context":{"id":"2f3b7879-9bf4-4ac9-a628-36504d4e693e", "isDeleted:":"true", "version":"1711682602045"}}
{"logTime": "0403/173926", "correlationVector":"3aQ4kCsbJf1xjGJN9FMa19.18","action":"GetUpdates", "result":"DeleteReceived", "context":{"id":"cb4426a7-3ca8-4dae-99f6-5159bf53a917", "isDeleted:":"true", "version":"1711685715832"}}
{"logTime": "0403/173926", "correlationVector":"3aQ4kCsbJf1xjGJN9FMa19.19","action":"GetUpdates", "result":"DeleteReceived", "context":{"id":"69acf940-d5c9-42f2-90e0-157ed4fcb44c", "isDeleted:":"true", "version":"1711901612024"}}
{"logTime": "0403/173926", "correlationVector":"3aQ4kCsbJf1xjGJN9FMa19.20","action":"GetUpdates Response", "result":"Success", "context":Received 44 update(s). cV=3aQ4kCsbJf1xjGJN9FMa19.0;server=GENERAL01000012;cloudType=Consumer;environment=Prod_SoutheastAsia_000j;migrationStage=NotStarted}
{"logTime": "0403/173926", "correlationVector":"SVnswbvlXjPKXGy8Sc/QWA","action":"Normal GetUpdate request", "result":"", "context":cV=SVnswbvlXjPKXGy8Sc/QWA
Nudged types: Bookmarks, Sessions, Device Info, User Consents
Refresh requested types: Bookmarks, Preferences, Passwords, Autofill Profiles, Typed URLs, Extensions, Sessions, Extension settings, History Delete Directives, Device Info, User Consents, Send Tab To Self, Web Apps, Collection, Edge E Drop, Edge Hub App Usage, Edge Tab Group, Edge Wallet, Encryption Keys}
{"logTime": "0403/173926", "correlationVector":"SVnswbvlXjPKXGy8Sc/QWA.1","action":"SyncServerConnectionManagerRequest", "result":"SYNC_SERVER_OK", "context":{"environment":"Prod_SoutheastAsia_000j", "migrationStage":"NotStarted", "server":"GENERAL0100000M"}}
{"logTime": "0403/173926", "correlationVector":"SVnswbvlXjPKXGy8Sc/QWA.2","action":"GetUpdates Response", "result":"Success", "context":Received 0 update(s). cV=SVnswbvlXjPKXGy8Sc/QWA.0;server=GENERAL0100000M;cloudType=Consumer;environment=Prod_SoutheastAsia_000j;migrationStage=NotStarted}
{"logTime": "0403/173926", "correlationVector":"UQlETC0ca4S5IvDbi90VZH","action":"Commit Request", "result":"", "context":Item count: 15
Contributing types: Bookmarks, Sessions, Device Info, User Consents}
{"logTime": "0403/173927", "correlationVector":"UQlETC0ca4S5IvDbi90VZH.1","action":"SyncServerConnectionManagerRequest", "result":"SYNC_SERVER_OK", "context":{"environment":"Prod_SoutheastAsia_000j", "migrationStage":"NotStarted", "server":"GENERAL0300001O"}}
{"logTime": "0403/173927", "correlationVector":"UQlETC0ca4S5IvDbi90VZH.2","action":"Commit Response", "result":"Success", "context":Result: Success. cV=UQlETC0ca4S5IvDbi90VZH.0;server=GENERAL0300001O;cloudType=Consumer;environment=Prod_SoutheastAsia_000j;migrationStage=NotStarted}
{"logTime": "0403/174328", "correlationVector":"FihOPz57Za2PMLtmQ97tti","action":"Commit Request", "result":"", "context":Item count: 1
Contributing types: Sessions}
{"logTime": "0403/174328", "correlationVector":"FihOPz57Za2PMLtmQ97tti.1","action":"SyncServerConnectionManagerRequest", "result":"SYNC_SERVER_OK", "context":{"environment":"Prod_SoutheastAsia_000j", "migrationStage":"NotStarted", "server":"GENERAL0300000E"}}
{"logTime": "0403/174328", "correlationVector":"FihOPz57Za2PMLtmQ97tti.2","action":"Commit Response", "result":"Success", "context":Result: Success. cV=FihOPz57Za2PMLtmQ97tti.0;server=GENERAL0300000E;cloudType=Consumer;environment=Prod_SoutheastAsia_000j;migrationStage=NotStarted}
{"logTime": "0403/174411", "correlationVector":"w22j+CcPJAeoXlQ+Nn53gd","action":"Normal GetUpdate request", "result":"", "context":cV=w22j+CcPJAeoXlQ+Nn53gd
Refresh requested types: Bookmarks, Preferences, Passwords, Autofill Profiles, Typed URLs, Extensions, Sessions, Extension settings, History Delete Directives, Device Info, User Consents, Send Tab To Self, Web Apps, Collection, Edge E Drop, Edge Hub App Usage, Edge Tab Group, Edge Wallet, Encryption Keys}
{"logTime": "0403/174412", "correlationVector":"w22j+CcPJAeoXlQ+Nn53gd.1","action":"SyncServerConnectionManagerRequest", "result":"SYNC_SERVER_OK", "context":{"environment":"Prod_SoutheastAsia_000j", "migrationStage":"NotStarted", "server":"GENERAL01000014"}}
{"logTime": "0403/174412", "correlationVector":"w22j+CcPJAeoXlQ+Nn53gd.2","action":"GetUpdates Response", "result":"Success", "context":Received 13 update(s). cV=w22j+CcPJAeoXlQ+Nn53gd.0;server=GENERAL01000014;cloudType=Consumer;environment=Prod_SoutheastAsia_000j;migrationStage=NotStarted}
{"logTime": "0403/174549", "correlationVector":"zNeWioCmrt4wYYw2cjWJR1","action":"Commit Request", "result":"", "context":Item count: 1
Contributing types: Sessions}
{"logTime": "0403/174550", "correlationVector":"zNeWioCmrt4wYYw2cjWJR1.1","action":"SyncServerConnectionManagerRequest", "result":"SYNC_SERVER_OK", "context":{"environment":"Prod_SoutheastAsia_000j", "migrationStage":"NotStarted", "server":"GENERAL0300002B"}}
{"logTime": "0403/174550", "correlationVector":"zNeWioCmrt4wYYw2cjWJR1.2","action":"Commit Response", "result":"Success", "context":Result: Success. cV=zNeWioCmrt4wYYw2cjWJR1.0;server=GENERAL0300002B;cloudType=Consumer;environment=Prod_SoutheastAsia_000j;migrationStage=NotStarted}
{"logTime": "0403/180646", "correlationVector":"aSs4xHHh6/A60QJ3FSarSZ.1","action":"SyncServerConnectionManagerRequest", "result":"SYNC_SERVER_OK", "context":{"environment":"Prod_SoutheastAsia_000j", "migrationStage":"NotStarted", "server":"GENERAL0300001D"}}
{"logTime": "0403/180646", "correlationVector":"aSs4xHHh6/A60QJ3FSarSZ","action":"Initial GetUpdates", "result":"", "context":Reason: NEW_CLIENT. cV=aSs4xHHh6/A60QJ3FSarSZ}
{"logTime": "0403/180646", "correlationVector":"aSs4xHHh6/A60QJ3FSarSZ.2","action":"GetUpdates Response", "result":"Success", "context":Received 1 update(s). cV=aSs4xHHh6/A60QJ3FSarSZ.0;server=GENERAL0300001D;cloudType=Consumer;environment=Prod_SoutheastAsia_000j;migrationStage=NotStarted}
{"logTime": "0403/180646", "correlationVector":"uyYolVN1rYkGxVwHCaWv4r","action":"Initial GetUpdates", "result":"", "context":Reason: NEWLY_SUPPORTED_DATATYPE. cV=uyYolVN1rYkGxVwHCaWv4r}
{"logTime": "0403/180646", "correlationVector":"uyYolVN1rYkGxVwHCaWv4r.1","action":"SyncServerConnectionManagerRequest", "result":"SYNC_SERVER_OK", "context":{"environment":"Prod_SoutheastAsia_000j", "migrationStage":"NotStarted", "server":"GENERAL0100001A"}}
{"logTime": "0403/180646", "correlationVector":"uyYolVN1rYkGxVwHCaWv4r.2","action":"GetUpdates Response", "result":"Success", "context":Received 28 update(s). cV=uyYolVN1rYkGxVwHCaWv4r.0;server=GENERAL0100001A;cloudType=Consumer;environment=Prod_SoutheastAsia_000j;migrationStage=NotStarted}
{"logTime": "0403/180646", "correlationVector":"ouIbj3bQ7Q8Apg5Qw++p8s","action":"SyncServerConnectionManagerRequest", "result":"SYNC_SERVER_OK", "context":{"environment":"", "migrationStage":"", "server":""}}
{"logTime": "0403/180646", "correlationVector":"Qpjp3QPYLyPWEpUFUb3Y7K","action":"Initial GetUpdates", "result":"", "context":Reason: NEWLY_SUPPORTED_DATATYPE. cV=Qpjp3QPYLyPWEpUFUb3Y7K}
{"logTime": "0403/180646", "correlationVector":"Qpjp3QPYLyPWEpUFUb3Y7K.1","action":"SyncServerConnectionManagerRequest", "result":"SYNC_SERVER_OK", "context":{"environment":"Prod_SoutheastAsia_000j", "migrationStage":"NotStarted", "server":"general01000011"}}
{"logTime": "0403/180646", "correlationVector":"Qpjp3QPYLyPWEpUFUb3Y7K.2","action":"GetUpdates Response", "result":"Success", "context":Received 0 update(s). cV=Qpjp3QPYLyPWEpUFUb3Y7K.0;server=general01000011;cloudType=Consumer;environment=Prod_SoutheastAsia_000j;migrationStage=NotStarted}
{"logTime": "0403/180646", "correlationVector":"UQ+579HBY7WsFsWS89FDKT","action":"Normal GetUpdate request", "result":"", "context":cV=UQ+579HBY7WsFsWS89FDKT
Nudged types: Sessions
Refresh requested types: Bookmarks, Preferences, Passwords, Autofill Profiles, Typed URLs, Extensions, Sessions, Extension settings, History Delete Directives, Device Info, User Consents, Send Tab To Self, Web Apps, Collection, Edge E Drop, Edge Hub App Usage, Edge Tab Group, Edge Wallet, Encryption Keys}
{"logTime": "0403/180646", "correlationVector":"UQ+579HBY7WsFsWS89FDKT.1","action":"SyncServerConnectionManagerRequest", "result":"SYNC_SERVER_OK", "context":{"environment":"Prod_SoutheastAsia_000j", "migrationStage":"NotStarted", "server":"GENERAL0300001I"}}
{"logTime": "0403/180646", "correlationVector":"UQ+579HBY7WsFsWS89FDKT.2","action":"GetUpdates Response", "result":"Success", "context":Received 1 update(s). cV=UQ+579HBY7WsFsWS89FDKT.0;server=GENERAL0300001I;cloudType=Consumer;environment=Prod_SoutheastAsia_000j;migrationStage=NotStarted}
{"logTime": "0403/180646", "correlationVector":"SRaA/Fdg32QNnhOwff77ac","action":"Commit Request", "result":"", "context":Item count: 3
Contributing types: Sessions}
{"logTime": "0403/180646", "correlationVector":"SRaA/Fdg32QNnhOwff77ac.1","action":"SyncServerConnectionManagerRequest", "result":"SYNC_SERVER_OK", "context":{"environment":"Prod_SoutheastAsia_000j", "migrationStage":"NotStarted", "server":"GENERAL0300000F"}}
{"logTime": "0403/180646", "correlationVector":"SRaA/Fdg32QNnhOwff77ac.2","action":"Commit Response", "result":"Success", "context":Result: Success. cV=SRaA/Fdg32QNnhOwff77ac.0;server=GENERAL0300000F;cloudType=Consumer;environment=Prod_SoutheastAsia_000j;migrationStage=NotStarted}
{"logTime": "0403/180648", "correlationVector":"rKST+gzDNbKpGFZreTqOZZ","action":"Normal GetUpdate request", "result":"", "context":cV=rKST+gzDNbKpGFZreTqOZZ
Nudged types: Preferences, Sessions}
{"logTime": "0403/180648", "correlationVector":"rKST+gzDNbKpGFZreTqOZZ.1","action":"SyncServerConnectionManagerRequest", "result":"SYNC_SERVER_OK", "context":{"environment":"Prod_SoutheastAsia_000j", "migrationStage":"NotStarted", "server":"GENERAL01000000"}}
{"logTime": "0403/180648", "correlationVector":"rKST+gzDNbKpGFZreTqOZZ.2","action":"GetUpdates Response", "result":"Success", "context":Received 3 update(s). cV=rKST+gzDNbKpGFZreTqOZZ.0;server=GENERAL01000000;cloudType=Consumer;environment=Prod_SoutheastAsia_000j;migrationStage=NotStarted}
{"logTime": "0403/180648", "correlationVector":"lqY0BLJabrKAdG1ibEo7J7","action":"Commit Request", "result":"", "context":Item count: 3
Contributing types: Preferences, Sessions}
{"logTime": "0403/180649", "correlationVector":"lqY0BLJabrKAdG1ibEo7J7.1","action":"SyncServerConnectionManagerRequest", "result":"SYNC_SERVER_OK", "context":{"environment":"Prod_SoutheastAsia_000j", "migrationStage":"NotStarted", "server":"GENERAL0100001H"}}
{"logTime": "0403/180649", "correlationVector":"lqY0BLJabrKAdG1ibEo7J7.2","action":"Commit Response", "result":"Success", "context":Result: Success. cV=lqY0BLJabrKAdG1ibEo7J7.0;server=GENERAL0100001H;cloudType=Consumer;environment=Prod_SoutheastAsia_000j;migrationStage=NotStarted}
{"logTime": "0403/180649", "correlationVector":"lqY0BLJabrKAdG1ibEo7J7.3","action":"Commit.Sessions", "result":"Success", "context":{"id":"6d452144-f428-4399-a9e2-ff316726e64f", "isDeleted":"true", "size":"0", "version":"1712167602815"}}
{"logTime": "0403/180737", "correlationVector":"RnJ6VxxUkSaop5KAuLjSkW","action":"Commit Request", "result":"", "context":Item count: 1
Contributing types: Sessions}
{"logTime": "0403/180738", "correlationVector":"RnJ6VxxUkSaop5KAuLjSkW.1","action":"SyncServerConnectionManagerRequest", "result":"SYNC_SERVER_OK", "context":{"environment":"Prod_SoutheastAsia_000j", "migrationStage":"NotStarted", "server":"GENERAL01000015"}}
{"logTime": "0403/180738", "correlationVector":"RnJ6VxxUkSaop5KAuLjSkW.2","action":"Commit Response", "result":"Success", "context":Result: Success. cV=RnJ6VxxUkSaop5KAuLjSkW.0;server=GENERAL01000015;cloudType=Consumer;environment=Prod_SoutheastAsia_000j;migrationStage=NotStarted}
{"logTime": "0403/180949", "correlationVector":"Fbe0fP0fZYKWfAkv7n9FEF","action":"Commit Request", "result":"", "context":Item count: 1
Contributing types: Sessions}
{"logTime": "0403/180950", "correlationVector":"Fbe0fP0fZYKWfAkv7n9FEF.1","action":"SyncServerConnectionManagerRequest", "result":"SYNC_SERVER_OK", "context":{"environment":"Prod_SoutheastAsia_000j", "migrationStage":"NotStarted", "server":"GENERAL0100000P"}}
{"logTime": "0403/180950", "correlationVector":"Fbe0fP0fZYKWfAkv7n9FEF.2","action":"Commit Response", "result":"Success", "context":Result: Success. cV=Fbe0fP0fZYKWfAkv7n9FEF.0;server=GENERAL0100000P;cloudType=Consumer;environment=Prod_SoutheastAsia_000j;migrationStage=NotStarted}
{"logTime": "0403/181025", "correlationVector":"mYqAmo1BocEK3oZnZBEjqs","action":"Commit Request", "result":"", "context":Item count: 1
Contributing types: Sessions}
{"logTime": "0403/181025", "correlationVector":"mYqAmo1BocEK3oZnZBEjqs.1","action":"SyncServerConnectionManagerRequest", "result":"SYNC_SERVER_OK", "context":{"environment":"Prod_SoutheastAsia_000j", "migrationStage":"NotStarted", "server":"GENERAL01000018"}}
{"logTime": "0403/181025", "correlationVector":"mYqAmo1BocEK3oZnZBEjqs.2","action":"Commit Response", "result":"Success", "context":Result: Success. cV=mYqAmo1BocEK3oZnZBEjqs.0;server=GENERAL01000018;cloudType=Consumer;environment=Prod_SoutheastAsia_000j;migrationStage=NotStarted}
{"logTime": "0403/181138", "correlationVector":"Je0Ahg6aVtsuczeNBFXBuk","action":"Normal GetUpdate request", "result":"", "context":cV=Je0Ahg6aVtsuczeNBFXBuk
Nudged types: Sessions
Refresh requested types: Bookmarks, Preferences, Passwords, Autofill Profiles, Typed URLs, Extensions, Sessions, Extension settings, History Delete Directives, Device Info, User Consents, Send Tab To Self, Web Apps, Collection, Edge E Drop, Edge Hub App Usage, Edge Tab Group, Edge Wallet, Encryption Keys}
{"logTime": "0403/181138", "correlationVector":"Je0Ahg6aVtsuczeNBFXBuk.1","action":"SyncServerConnectionManagerRequest", "result":"SYNC_SERVER_OK", "context":{"environment":"Prod_SoutheastAsia_000j", "migrationStage":"NotStarted", "server":"GENERAL0300000L"}}
{"logTime": "0403/181138", "correlationVector":"Je0Ahg6aVtsuczeNBFXBuk.2","action":"GetUpdates", "result":"DeleteReceived", "context":{"id":"6d452144-f428-4399-a9e2-ff316726e64f", "isDeleted:":"true", "version":"1712167611506"}}
{"logTime": "0403/181138", "correlationVector":"Je0Ahg6aVtsuczeNBFXBuk.3","action":"GetUpdates Response", "result":"Success", "context":Received 3 update(s). cV=Je0Ahg6aVtsuczeNBFXBuk.0;server=GENERAL0300000L;cloudType=Consumer;environment=Prod_SoutheastAsia_000j;migrationStage=NotStarted}
{"logTime": "0403/181138", "correlationVector":"d+ji8LL/07Xk/4sIGl1cVC","action":"Commit Request", "result":"", "context":Item count: 1
Contributing types: Sessions}
{"logTime": "0403/181139", "correlationVector":"d+ji8LL/07Xk/4sIGl1cVC.1","action":"SyncServerConnectionManagerRequest", "result":"SYNC_SERVER_OK", "context":{"environment":"Prod_SoutheastAsia_000j", "migrationStage":"NotStarted", "server":"GENERAL03000011"}}
{"logTime": "0403/181139", "correlationVector":"d+ji8LL/07Xk/4sIGl1cVC.2","action":"Commit Response", "result":"Success", "context":Result: Success. cV=d+ji8LL/07Xk/4sIGl1cVC.0;server=GENERAL03000011;cloudType=Consumer;environment=Prod_SoutheastAsia_000j;migrationStage=NotStarted}
{"logTime": "0403/181247", "correlationVector":"P05Y7MbPA3MARXeBxRnZyQ","action":"Commit Request", "result":"", "context":Item count: 1
Contributing types: Sessions}
{"logTime": "0403/181247", "correlationVector":"P05Y7MbPA3MARXeBxRnZyQ.1","action":"SyncServerConnectionManagerRequest", "result":"SYNC_SERVER_OK", "context":{"environment":"Prod_SoutheastAsia_000j", "migrationStage":"NotStarted", "server":"GENERAL03000020"}}
{"logTime": "0403/181247", "correlationVector":"P05Y7MbPA3MARXeBxRnZyQ.2","action":"Commit Response", "result":"Success", "context":Result: Success. cV=P05Y7MbPA3MARXeBxRnZyQ.0;server=GENERAL03000020;cloudType=Consumer;environment=Prod_SoutheastAsia_000j;migrationStage=NotStarted}
{"logTime": "0403/181530", "correlationVector":"ScdGNnRe566ZB2go6ZlDsV","action":"Commit Request", "result":"", "context":Item count: 1
Contributing types: Sessions}
{"logTime": "0403/181531", "correlationVector":"ScdGNnRe566ZB2go6ZlDsV.1","action":"SyncServerConnectionManagerRequest", "result":"SYNC_SERVER_OK", "context":{"environment":"Prod_SoutheastAsia_000j", "migrationStage":"NotStarted", "server":"GENERAL0100000J"}}
{"logTime": "0403/181531", "correlationVector":"ScdGNnRe566ZB2go6ZlDsV.2","action":"Commit Response", "result":"Success", "context":Result: Success. cV=ScdGNnRe566ZB2go6ZlDsV.0;server=GENERAL0100000J;cloudType=Consumer;environment=Prod_SoutheastAsia_000j;migrationStage=NotStarted}
{"logTime": "0403/181725", "correlationVector":"9CH/QZLMnfVYflMd4rvuEI","action":"Commit Request", "result":"", "context":Item count: 1
Contributing types: Sessions}
{"logTime": "0403/181726", "correlationVector":"9CH/QZLMnfVYflMd4rvuEI.1","action":"SyncServerConnectionManagerRequest", "result":"SYNC_SERVER_OK", "context":{"environment":"Prod_SoutheastAsia_000j", "migrationStage":"NotStarted", "server":"GENERAL0100000Y"}}
{"logTime": "0403/181726", "correlationVector":"9CH/QZLMnfVYflMd4rvuEI.2","action":"Commit Response", "result":"Success", "context":Result: Success. cV=9CH/QZLMnfVYflMd4rvuEI.0;server=GENERAL0100000Y;cloudType=Consumer;environment=Prod_SoutheastAsia_000j;migrationStage=NotStarted}
{"logTime": "0403/181806", "correlationVector":"V/U5onAKFbFQodfJOdwyQa","action":"Commit Request", "result":"", "context":Item count: 1
Contributing types: Sessions}
{"logTime": "0403/181810", "correlationVector":"V/U5onAKFbFQodfJOdwyQa","action":"SyncServerConnectionManagerRequest", "result":"CONNECTION_UNAVAILABLE", "context":{"error_type":"net_error_code", "error_value":"-101"}}
{"logTime": "0403/181810", "correlationVector":"YgZMNB1sdsV6wegyCKhF3S.0","action":"Commit Response", "result":"Network error (ERR_CONNECTION_RESET)", "context":Result: Network error (ERR_CONNECTION_RESET). }
{"logTime": "0403/181855", "correlationVector":"EC1Ntz69RO+2Uo13D2FD3l","action":"Commit Request", "result":"", "context":Item count: 1
Contributing types: Sessions}
{"logTime": "0403/181855", "correlationVector":"EC1Ntz69RO+2Uo13D2FD3l.1","action":"SyncServerConnectionManagerRequest", "result":"SYNC_SERVER_OK", "context":{"environment":"Prod_SoutheastAsia_000j", "migrationStage":"NotStarted", "server":"general0100001D"}}
{"logTime": "0403/181855", "correlationVector":"EC1Ntz69RO+2Uo13D2FD3l.2","action":"Commit Response", "result":"Success", "context":Result: Success. cV=EC1Ntz69RO+2Uo13D2FD3l.0;server=general0100001D;cloudType=Consumer;environment=Prod_SoutheastAsia_000j;migrationStage=NotStarted}
{"logTime": "0403/181939", "correlationVector":"06XWnPIyyyPHm+d1lluCL2","action":"Commit Request", "result":"", "context":Item count: 1
Contributing types: Sessions}
{"logTime": "0403/181940", "correlationVector":"06XWnPIyyyPHm+d1lluCL2.1","action":"SyncServerConnectionManagerRequest", "result":"SYNC_SERVER_OK", "context":{"environment":"Prod_SoutheastAsia_000j", "migrationStage":"NotStarted", "server":"GENERAL0100001F"}}
{"logTime": "0403/181940", "correlationVector":"06XWnPIyyyPHm+d1lluCL2.2","action":"Commit Response", "result":"Success", "context":Result: Success. cV=06XWnPIyyyPHm+d1lluCL2.0;server=GENERAL0100001F;cloudType=Consumer;environment=Prod_SoutheastAsia_000j;migrationStage=NotStarted}
{"logTime": "0403/182026", "correlationVector":"YQp82VbckGbCL1eHcCEFwF","action":"Commit Request", "result":"", "context":Item count: 1
Contributing types: Sessions}
{"logTime": "0403/182027", "correlationVector":"YQp82VbckGbCL1eHcCEFwF.1","action":"SyncServerConnectionManagerRequest", "result":"SYNC_SERVER_OK", "context":{"environment":"Prod_SoutheastAsia_000j", "migrationStage":"NotStarted", "server":"GENERAL03000012"}}
{"logTime": "0403/182027", "correlationVector":"YQp82VbckGbCL1eHcCEFwF.2","action":"Commit Response", "result":"Success", "context":Result: Success. cV=YQp82VbckGbCL1eHcCEFwF.0;server=GENERAL03000012;cloudType=Consumer;environment=Prod_SoutheastAsia_000j;migrationStage=NotStarted}
{"logTime": "0403/182511", "correlationVector":"o5t+6YoSUorZvuTHbTxcIi","action":"Commit Request", "result":"", "context":Item count: 1
Contributing types: Sessions}
{"logTime": "0403/182511", "correlationVector":"o5t+6YoSUorZvuTHbTxcIi.1","action":"SyncServerConnectionManagerRequest", "result":"SYNC_SERVER_OK", "context":{"environment":"Prod_SoutheastAsia_000j", "migrationStage":"NotStarted", "server":"GENERAL03000008"}}
{"logTime": "0403/182511", "correlationVector":"o5t+6YoSUorZvuTHbTxcIi.2","action":"Commit Response", "result":"Success", "context":Result: Success. cV=o5t+6YoSUorZvuTHbTxcIi.0;server=GENERAL03000008;cloudType=Consumer;environment=Prod_SoutheastAsia_000j;migrationStage=NotStarted}
{"logTime": "0403/183143", "correlationVector":"Mgf/ig6lTQR+BZjVuz8pxc","action":"Commit Request", "result":"", "context":Item count: 1
Contributing types: Sessions}
{"logTime": "0403/183144", "correlationVector":"Mgf/ig6lTQR+BZjVuz8pxc.1","action":"SyncServerConnectionManagerRequest", "result":"SYNC_SERVER_OK", "context":{"environment":"Prod_SoutheastAsia_000j", "migrationStage":"NotStarted", "server":"GENERAL0300000N"}}
{"logTime": "0403/183144", "correlationVector":"Mgf/ig6lTQR+BZjVuz8pxc.2","action":"Commit Response", "result":"Success", "context":Result: Success. cV=Mgf/ig6lTQR+BZjVuz8pxc.0;server=GENERAL0300000N;cloudType=Consumer;environment=Prod_SoutheastAsia_000j;migrationStage=NotStarted}
{"logTime": "0404/081254", "correlationVector":"J5dSpP6Dz4/ai6rqWvQD+/.1","action":"SyncServerConnectionManagerRequest", "result":"SYNC_SERVER_OK", "context":{"environment":"Prod_SoutheastAsia_000j", "migrationStage":"NotStarted", "server":"GENERAL03000029"}}
{"logTime": "0404/081254", "correlationVector":"J5dSpP6Dz4/ai6rqWvQD+/","action":"Initial GetUpdates", "result":"", "context":Reason: NEW_CLIENT. cV=J5dSpP6Dz4/ai6rqWvQD+/}
{"logTime": "0404/081254", "correlationVector":"J5dSpP6Dz4/ai6rqWvQD+/.2","action":"GetUpdates Response", "result":"Success", "context":Received 1 update(s). cV=J5dSpP6Dz4/ai6rqWvQD+/.0;server=GENERAL03000029;cloudType=Consumer;environment=Prod_SoutheastAsia_000j;migrationStage=NotStarted}
{"logTime": "0404/081254", "correlationVector":"WEx7WqGgiaIP2/EmooY8u2","action":"Initial GetUpdates", "result":"", "context":Reason: NEWLY_SUPPORTED_DATATYPE. cV=WEx7WqGgiaIP2/EmooY8u2}
{"logTime": "0404/081254", "correlationVector":"WEx7WqGgiaIP2/EmooY8u2.1","action":"SyncServerConnectionManagerRequest", "result":"SYNC_SERVER_OK", "context":{"environment":"Prod_SoutheastAsia_000j", "migrationStage":"NotStarted", "server":"GENERAL0300000Q"}}
{"logTime": "0404/081254", "correlationVector":"WEx7WqGgiaIP2/EmooY8u2.2","action":"GetUpdates Response", "result":"Success", "context":Received 28 update(s). cV=WEx7WqGgiaIP2/EmooY8u2.0;server=GENERAL0300000Q;cloudType=Consumer;environment=Prod_SoutheastAsia_000j;migrationStage=NotStarted}
{"logTime": "0404/081254", "correlationVector":"7rD+KFmoT6qqSnR2TQUuod","action":"Initial GetUpdates", "result":"", "context":Reason: NEWLY_SUPPORTED_DATATYPE. cV=7rD+KFmoT6qqSnR2TQUuod}
{"logTime": "0404/081254", "correlationVector":"7rD+KFmoT6qqSnR2TQUuod.1","action":"SyncServerConnectionManagerRequest", "result":"SYNC_SERVER_OK", "context":{"environment":"Prod_SoutheastAsia_000j", "migrationStage":"NotStarted", "server":"GENERAL01000002"}}
{"logTime": "0404/081254", "correlationVector":"7rD+KFmoT6qqSnR2TQUuod.2","action":"GetUpdates Response", "result":"Success", "context":Received 0 update(s). cV=7rD+KFmoT6qqSnR2TQUuod.0;server=GENERAL01000002;cloudType=Consumer;environment=Prod_SoutheastAsia_000j;migrationStage=NotStarted}
{"logTime": "0404/081254", "correlationVector":"vbg6yfbvq7lwfiL+9+Ri0r","action":"Normal GetUpdate request", "result":"", "context":cV=vbg6yfbvq7lwfiL+9+Ri0r
Nudged types: Sessions
Refresh requested types: Bookmarks, Preferences, Passwords, Autofill Profiles, Typed URLs, Extensions, Sessions, Extension settings, History Delete Directives, Device Info, User Consents, Send Tab To Self, Web Apps, Collection, Edge E Drop, Edge Hub App Usage, Edge Tab Group, Edge Wallet, Encryption Keys}
{"logTime": "0404/081254", "correlationVector":"vbg6yfbvq7lwfiL+9+Ri0r.1","action":"SyncServerConnectionManagerRequest", "result":"SYNC_SERVER_OK", "context":{"environment":"Prod_SoutheastAsia_000j", "migrationStage":"NotStarted", "server":"GENERAL0100000T"}}
{"logTime": "0404/081254", "correlationVector":"vbg6yfbvq7lwfiL+9+Ri0r.2","action":"GetUpdates", "result":"DeleteReceived", "context":{"id":"0a61c5e1-fbeb-47ae-950d-5a330d9054b2", "isDeleted:":"true", "version":"1712218273796"}}
{"logTime": "0404/081254", "correlationVector":"vbg6yfbvq7lwfiL+9+Ri0r.3","action":"GetUpdates Response", "result":"Success", "context":Received 6 update(s). cV=vbg6yfbvq7lwfiL+9+Ri0r.0;server=GENERAL0100000T;cloudType=Consumer;environment=Prod_SoutheastAsia_000j;migrationStage=NotStarted}
{"logTime": "0404/081254", "correlationVector":"2jMRss7XHRo/gXLD66Csi2","action":"Poll GetUpdate request", "result":"", "context":cV=2jMRss7XHRo/gXLD66Csi2}
{"logTime": "0404/081254", "correlationVector":"2jMRss7XHRo/gXLD66Csi2.1","action":"SyncServerConnectionManagerRequest", "result":"SYNC_SERVER_OK", "context":{"environment":"Prod_SoutheastAsia_000j", "migrationStage":"NotStarted", "server":"GENERAL01000016"}}
{"logTime": "0404/081254", "correlationVector":"2jMRss7XHRo/gXLD66Csi2.2","action":"GetUpdates Response", "result":"Success", "context":Received 0 update(s). cV=2jMRss7XHRo/gXLD66Csi2.0;server=GENERAL01000016;cloudType=Consumer;environment=Prod_SoutheastAsia_000j;migrationStage=NotStarted}
{"logTime": "0404/081257", "correlationVector":"21wR9S5k8P+Dlv24/t0zAZ","action":"SyncServerConnectionManagerRequest", "result":"SYNC_SERVER_OK", "context":{"environment":"", "migrationStage":"", "server":""}}
{"logTime": "0404/081257", "correlationVector":"C+cvQeUg2xqfHR6jGWy3ks","action":"Normal GetUpdate request", "result":"", "context":cV=C+cvQeUg2xqfHR6jGWy3ks
Nudged types: Preferences, Sessions}
{"logTime": "0404/081258", "correlationVector":"C+cvQeUg2xqfHR6jGWy3ks.1","action":"SyncServerConnectionManagerRequest", "result":"SYNC_SERVER_OK", "context":{"environment":"Prod_SoutheastAsia_000j", "migrationStage":"NotStarted", "server":"GENERAL03000025"}}
{"logTime": "0404/081258", "correlationVector":"C+cvQeUg2xqfHR6jGWy3ks.2","action":"GetUpdates Response", "result":"Success", "context":Received 0 update(s). cV=C+cvQeUg2xqfHR6jGWy3ks.0;server=GENERAL03000025;cloudType=Consumer;environment=Prod_SoutheastAsia_000j;migrationStage=NotStarted}
{"logTime": "0404/081258", "correlationVector":"qXOYwp+ffdUGjFkJUfkT4f","action":"Commit Request", "result":"", "context":Item count: 3
Contributing types: Preferences, Sessions}
{"logTime": "0404/081259", "correlationVector":"qXOYwp+ffdUGjFkJUfkT4f.1","action":"SyncServerConnectionManagerRequest", "result":"SYNC_SERVER_OK", "context":{"environment":"Prod_SoutheastAsia_000j", "migrationStage":"NotStarted", "server":"GENERAL0100001B"}}
{"logTime": "0404/081259", "correlationVector":"qXOYwp+ffdUGjFkJUfkT4f.2","action":"Commit Response", "result":"Success", "context":Result: Success. cV=qXOYwp+ffdUGjFkJUfkT4f.0;server=GENERAL0100001B;cloudType=Consumer;environment=Prod_SoutheastAsia_000j;migrationStage=NotStarted}
{"logTime": "0404/081259", "correlationVector":"wFEcpGKGn+SyIf+KKDgqrv","action":"Normal GetUpdate request", "result":"", "context":cV=wFEcpGKGn+SyIf+KKDgqrv
Nudged types: Preferences, Sessions
Refresh requested types: Bookmarks, Preferences, Passwords, Autofill Profiles, Typed URLs, Extensions, Sessions, Extension settings, History Delete Directives, Device Info, User Consents, Send Tab To Self, Web Apps, Collection, Edge E Drop, Edge Hub App Usage, Edge Tab Group, Edge Wallet, Encryption Keys}
{"logTime": "0404/081259", "correlationVector":"wFEcpGKGn+SyIf+KKDgqrv.1","action":"SyncServerConnectionManagerRequest", "result":"SYNC_SERVER_OK", "context":{"environment":"Prod_SoutheastAsia_000j", "migrationStage":"NotStarted", "server":"GENERAL0300000O"}}
{"logTime": "0404/081259", "correlationVector":"wFEcpGKGn+SyIf+KKDgqrv.2","action":"GetUpdates Response", "result":"Success", "context":Received 3 update(s). cV=wFEcpGKGn+SyIf+KKDgqrv.0;server=GENERAL0300000O;cloudType=Consumer;environment=Prod_SoutheastAsia_000j;migrationStage=NotStarted}
{"logTime": "0404/081747", "correlationVector":"qWqMZqC9hozIRsWci4EdQs","action":"Normal GetUpdate request", "result":"", "context":cV=qWqMZqC9hozIRsWci4EdQs
Refresh requested types: Bookmarks, Preferences, Passwords, Autofill Profiles, Typed URLs, Extensions, Sessions, Extension settings, History Delete Directives, Device Info, User Consents, Send Tab To Self, Web Apps, Collection, Edge E Drop, Edge Hub App Usage, Edge Tab Group, Edge Wallet, Encryption Keys}
{"logTime": "0404/081749", "correlationVector":"qWqMZqC9hozIRsWci4EdQs.1","action":"SyncServerConnectionManagerRequest", "result":"SYNC_SERVER_OK", "context":{"environment":"Prod_SoutheastAsia_000j", "migrationStage":"NotStarted", "server":"GENERAL0100001K"}}
{"logTime": "0404/081749", "correlationVector":"qWqMZqC9hozIRsWci4EdQs.2","action":"GetUpdates Response", "result":"Success", "context":Received 0 update(s). cV=qWqMZqC9hozIRsWci4EdQs.0;server=GENERAL0100001K;cloudType=Consumer;environment=Prod_SoutheastAsia_000j;migrationStage=NotStarted}
{"logTime": "0404/172006", "correlationVector":"xnV2m/Yg+TC37SrF7lhpzE.1","action":"SyncServerConnectionManagerRequest", "result":"SYNC_SERVER_OK", "context":{"environment":"Prod_SoutheastAsia_000j", "migrationStage":"NotStarted", "server":"GENERAL0100000O"}}
{"logTime": "0404/172006", "correlationVector":"xnV2m/Yg+TC37SrF7lhpzE","action":"Initial GetUpdates", "result":"", "context":Reason: NEW_CLIENT. cV=xnV2m/Yg+TC37SrF7lhpzE}
{"logTime": "0404/172006", "correlationVector":"xnV2m/Yg+TC37SrF7lhpzE.2","action":"GetUpdates Response", "result":"Success", "context":Received 1 update(s). cV=xnV2m/Yg+TC37SrF7lhpzE.0;server=GENERAL0100000O;cloudType=Consumer;environment=Prod_SoutheastAsia_000j;migrationStage=NotStarted}
{"logTime": "0404/172006", "correlationVector":"P5HCu5uZwnY8btzzgqeLzA","action":"Initial GetUpdates", "result":"", "context":Reason: NEWLY_SUPPORTED_DATATYPE. cV=P5HCu5uZwnY8btzzgqeLzA}
{"logTime": "0404/172006", "correlationVector":"P5HCu5uZwnY8btzzgqeLzA.1","action":"SyncServerConnectionManagerRequest", "result":"SYNC_SERVER_OK", "context":{"environment":"Prod_SoutheastAsia_000j", "migrationStage":"NotStarted", "server":"GENERAL0300002G"}}
{"logTime": "0404/172006", "correlationVector":"P5HCu5uZwnY8btzzgqeLzA.2","action":"GetUpdates Response", "result":"Success", "context":Received 28 update(s). cV=P5HCu5uZwnY8btzzgqeLzA.0;server=GENERAL0300002G;cloudType=Consumer;environment=Prod_SoutheastAsia_000j;migrationStage=NotStarted}
{"logTime": "0404/172006", "correlationVector":"QK1XYc0cWO3JA3NB7Wz/Jd","action":"Initial GetUpdates", "result":"", "context":Reason: NEWLY_SUPPORTED_DATATYPE. cV=QK1XYc0cWO3JA3NB7Wz/Jd}
{"logTime": "0404/172006", "correlationVector":"QK1XYc0cWO3JA3NB7Wz/Jd.1","action":"SyncServerConnectionManagerRequest", "result":"SYNC_SERVER_OK", "context":{"environment":"Prod_SoutheastAsia_000j", "migrationStage":"NotStarted", "server":"GENERAL0300000L"}}
{"logTime": "0404/172006", "correlationVector":"QK1XYc0cWO3JA3NB7Wz/Jd.2","action":"GetUpdates Response", "result":"Success", "context":Received 0 update(s). cV=QK1XYc0cWO3JA3NB7Wz/Jd.0;server=GENERAL0300000L;cloudType=Consumer;environment=Prod_SoutheastAsia_000j;migrationStage=NotStarted}
{"logTime": "0404/172006", "correlationVector":"yCxqQKdJUCEyIxP5G3XQgh","action":"Normal GetUpdate request", "result":"", "context":cV=yCxqQKdJUCEyIxP5G3XQgh
Nudged types: Sessions
Refresh requested types: Bookmarks, Preferences, Passwords, Autofill Profiles, Typed URLs, Extensions, Sessions, Extension settings, History Delete Directives, Device Info, User Consents, Send Tab To Self, Web Apps, Collection, Edge E Drop, Edge Hub App Usage, Edge Tab Group, Edge Wallet, Encryption Keys}
{"logTime": "0404/172006", "correlationVector":"yCxqQKdJUCEyIxP5G3XQgh.1","action":"SyncServerConnectionManagerRequest", "result":"SYNC_SERVER_OK", "context":{"environment":"Prod_SoutheastAsia_000j", "migrationStage":"NotStarted", "server":"general01000013"}}
{"logTime": "0404/172006", "correlationVector":"yCxqQKdJUCEyIxP5G3XQgh.2","action":"GetUpdates", "result":"DeleteReceived", "context":{"id":"47bc3be5-8995-4d18-94b8-fc5f0d2a7b90", "isDeleted:":"true", "version":"1712218945676"}}
{"logTime": "0404/172006", "correlationVector":"yCxqQKdJUCEyIxP5G3XQgh.3","action":"GetUpdates", "result":"DeleteReceived", "context":{"id":"b95f0ef3-79ec-4049-91aa-ae77dff35d50", "isDeleted:":"true", "version":"1712247031138"}}
{"logTime": "0404/172006", "correlationVector":"yCxqQKdJUCEyIxP5G3XQgh.4","action":"GetUpdates Response", "result":"Success", "context":Received 9 update(s). cV=yCxqQKdJUCEyIxP5G3XQgh.0;server=general01000013;cloudType=Consumer;environment=Prod_SoutheastAsia_000j;migrationStage=NotStarted}
{"logTime": "0404/172006", "correlationVector":"PHddHS41ZwHmZ80RSjZf9Q","action":"Poll GetUpdate request", "result":"", "context":cV=PHddHS41ZwHmZ80RSjZf9Q}
{"logTime": "0404/172008", "correlationVector":"PHddHS41ZwHmZ80RSjZf9Q.1","action":"SyncServerConnectionManagerRequest", "result":"SYNC_SERVER_OK", "context":{"environment":"Prod_SoutheastAsia_000j", "migrationStage":"NotStarted", "server":"GENERAL01000010"}}
{"logTime": "0404/172008", "correlationVector":"PHddHS41ZwHmZ80RSjZf9Q.2","action":"GetUpdates Response", "result":"Success", "context":Received 0 update(s). cV=PHddHS41ZwHmZ80RSjZf9Q.0;server=GENERAL01000010;cloudType=Consumer;environment=Prod_SoutheastAsia_000j;migrationStage=NotStarted}
{"logTime": "0404/172010", "correlationVector":"IJ1rEgm9hCPykwjtTimCdL","action":"Normal GetUpdate request", "result":"", "context":cV=IJ1rEgm9hCPykwjtTimCdL
Nudged types: Preferences}
{"logTime": "0404/172011", "correlationVector":"IJ1rEgm9hCPykwjtTimCdL.1","action":"SyncServerConnectionManagerRequest", "result":"SYNC_SERVER_OK", "context":{"environment":"Prod_SoutheastAsia_000j", "migrationStage":"NotStarted", "server":"GENERAL0100000E"}}
{"logTime": "0404/172011", "correlationVector":"IJ1rEgm9hCPykwjtTimCdL.2","action":"GetUpdates Response", "result":"Success", "context":Received 0 update(s). cV=IJ1rEgm9hCPykwjtTimCdL.0;server=GENERAL0100000E;cloudType=Consumer;environment=Prod_SoutheastAsia_000j;migrationStage=NotStarted}
{"logTime": "0404/172011", "correlationVector":"mGiDaKKWzyDFwS5OWSeIGV","action":"Commit Request", "result":"", "context":Item count: 1
Contributing types: Preferences}
{"logTime": "0404/172011", "correlationVector":"mGiDaKKWzyDFwS5OWSeIGV.1","action":"SyncServerConnectionManagerRequest", "result":"SYNC_SERVER_OK", "context":{"environment":"Prod_SoutheastAsia_000j", "migrationStage":"NotStarted", "server":"GENERAL0100000C"}}
{"logTime": "0404/172011", "correlationVector":"mGiDaKKWzyDFwS5OWSeIGV.2","action":"Commit Response", "result":"Success", "context":Result: Success. cV=mGiDaKKWzyDFwS5OWSeIGV.0;server=GENERAL0100000C;cloudType=Consumer;environment=Prod_SoutheastAsia_000j;migrationStage=NotStarted}
{"logTime": "0404/172112", "correlationVector":"LvNs1Uj8bUMH2ADEKKZ2VP","action":"Commit Request", "result":"", "context":Item count: 2
Contributing types: Sessions}
{"logTime": "0404/172112", "correlationVector":"LvNs1Uj8bUMH2ADEKKZ2VP.1","action":"SyncServerConnectionManagerRequest", "result":"SYNC_SERVER_OK", "context":{"environment":"Prod_SoutheastAsia_000j", "migrationStage":"NotStarted", "server":"GENERAL01000015"}}
{"logTime": "0404/172112", "correlationVector":"LvNs1Uj8bUMH2ADEKKZ2VP.2","action":"Commit Response", "result":"Success", "context":Result: Success. cV=LvNs1Uj8bUMH2ADEKKZ2VP.0;server=GENERAL01000015;cloudType=Consumer;environment=Prod_SoutheastAsia_000j;migrationStage=NotStarted}
