#
# There is insufficient memory for the Java Runtime Environment to continue.
# Native memory allocation (malloc) failed to allocate 97712 bytes for Chunk::new
# Possible reasons:
#   The system is out of physical RAM or swap space
#   The process is running with CompressedOops enabled, and the Java Heap may be blocking the growth of the native heap
# Possible solutions:
#   Reduce memory load on the system
#   Increase physical memory or swap space
#   Check if swap backing store is full
#   Decrease Java heap size (-Xmx/-Xms)
#   Decrease number of Java threads
#   Decrease Java thread stack sizes (-Xss)
#   Set larger code cache with -XX:ReservedCodeCacheSize=
#   JVM is running with Unscaled Compressed Oops mode in which the Java heap is
#     placed in the first 4GB address space. The Java Heap base address is the
#     maximum limit for the native heap growth. Please use -XX:HeapBaseMinAddress
#     to set the Java Heap base and to place the Java Heap above 4GB virtual address.
# This output file may be truncated or incomplete.
#
#  Out of Memory Error (arena.cpp:191), pid=25472, tid=25488
#
# JRE version: OpenJDK Runtime Environment Temurin-17.0.10+7 (17.0.10+7) (build 17.0.10+7)
# Java VM: OpenJDK 64-Bit Server VM Temurin-17.0.10+7 (17.0.10+7, mixed mode, tiered, compressed oops, compressed class ptrs, parallel gc, windows-amd64)
# No core dump will be written. Minidumps are not enabled by default on client versions of Windows
#

---------------  S U M M A R Y ------------

Command Line: --add-modules=ALL-SYSTEM --add-opens=java.base/java.util=ALL-UNNAMED --add-opens=java.base/java.lang=ALL-UNNAMED --add-opens=java.base/sun.nio.fs=ALL-UNNAMED -Declipse.application=org.eclipse.jdt.ls.core.id1 -Dosgi.bundles.defaultStartLevel=4 -Declipse.product=org.eclipse.jdt.ls.core.product -Djava.import.generatesMetadataFilesAtProjectRoot=false -DDetectVMInstallationsJob.disabled=true -Dfile.encoding=utf8 -XX:+UseParallelGC -XX:GCTimeRatio=4 -XX:AdaptiveSizePolicyWeight=90 -Dsun.zip.disableMemoryMapping=true -Xmx1G -Xms100m -Xlog:disable -javaagent:c:\Users\HP\.vscode\extensions\redhat.java-1.29.0-win32-x64\lombok\lombok-1.18.32.jar -XX:+HeapDumpOnOutOfMemoryError -XX:HeapDumpPath=c:\Users\HP\AppData\Roaming\Code\User\workspaceStorage\bf1ef9b32526505f17ea9d297989188c\redhat.java -Daether.dependencyCollector.impl=bf c:\Users\HP\.vscode\extensions\redhat.java-1.29.0-win32-x64\server\plugins\org.eclipse.equinox.launcher_1.6.800.v20240304-1850.jar -configuration c:\Users\HP\AppData\Roaming\Code\User\globalStorage\redhat.java\1.29.0\config_win -data c:\Users\HP\AppData\Roaming\Code\User\workspaceStorage\bf1ef9b32526505f17ea9d297989188c\redhat.java\jdt_ws --stdio

Host: AMD Ryzen 5 5600H with Radeon Graphics         , 12 cores, 7G,  Windows 11 , 64 bit Build 22621 (10.0.22621.3374)
Time: Thu Apr  4 22:51:16 2024 India Standard Time elapsed time: 6.474832 seconds (0d 0h 0m 6s)

---------------  T H R E A D  ---------------

Current thread (0x000001def481db20):  JavaThread "C2 CompilerThread0" daemon [_thread_in_native, id=25488, stack(0x000000ca9c100000,0x000000ca9c200000)]


Current CompileTask:
C2:   6474 6913       4       org.eclipse.osgi.storage.bundlefile.BundleFile::getResourceURL (24 bytes)

Stack: [0x000000ca9c100000,0x000000ca9c200000]
Native frames: (J=compiled Java code, j=interpreted, Vv=VM code, C=native code)
V  [jvm.dll+0x67d2c9]
V  [jvm.dll+0x834afa]
V  [jvm.dll+0x8365be]
V  [jvm.dll+0x836c23]
V  [jvm.dll+0x2477ff]
V  [jvm.dll+0xac514]
V  [jvm.dll+0xacb5c]
V  [jvm.dll+0x11f057]
V  [jvm.dll+0x609472]
V  [jvm.dll+0x60d89c]
V  [jvm.dll+0x219d68]
V  [jvm.dll+0x219311]
V  [jvm.dll+0x1a502d]
V  [jvm.dll+0x2290de]
V  [jvm.dll+0x2272ac]
V  [jvm.dll+0x7e9bb7]
V  [jvm.dll+0x7e3fba]
V  [jvm.dll+0x67c1b5]
C  [ucrtbase.dll+0x29333]
C  [KERNEL32.DLL+0x1257d]
C  [ntdll.dll+0x5aa48]


---------------  P R O C E S S  ---------------

Threads class SMR info:
_java_thread_list=0x000001def8090280, length=45, elements={
0x000001dedb8512f0, 0x000001deef6d1010, 0x000001deef6d3350, 0x000001deef6dac60,
0x000001deef6db7f0, 0x000001deef6dcbc0, 0x000001def481a290, 0x000001def481db20,
0x000001def4828970, 0x000001def4829e60, 0x000001def494d210, 0x000001def4a10b40,
0x000001def4b65710, 0x000001def621afa0, 0x000001def621b9c0, 0x000001def6219650,
0x000001def6219140, 0x000001def621b4b0, 0x000001def621a070, 0x000001def6218720,
0x000001def621bed0, 0x000001def621a580, 0x000001def6218c30, 0x000001def8bb3a80,
0x000001def8bb6300, 0x000001def8bb53d0, 0x000001def8bb58e0, 0x000001def8bb49b0,
0x000001def8bb3060, 0x000001def8bb4ec0, 0x000001def8bb3570, 0x000001def8bb6810,
0x000001defb643280, 0x000001defb642d70, 0x000001defb64a1e0, 0x000001defb643790,
0x000001defb647450, 0x000001defb648890, 0x000001defb648380, 0x000001defb648da0,
0x000001defb646520, 0x000001defb647960, 0x000001defb646f40, 0x000001defb64a6f0,
0x000001defb6492b0
}

Java Threads: ( => current thread )
  0x000001dedb8512f0 JavaThread "main" [_thread_blocked, id=25532, stack(0x000000ca9b800000,0x000000ca9b900000)]
  0x000001deef6d1010 JavaThread "Reference Handler" daemon [_thread_blocked, id=23072, stack(0x000000ca9bb00000,0x000000ca9bc00000)]
  0x000001deef6d3350 JavaThread "Finalizer" daemon [_thread_blocked, id=25400, stack(0x000000ca9bc00000,0x000000ca9bd00000)]
  0x000001deef6dac60 JavaThread "Signal Dispatcher" daemon [_thread_blocked, id=1860, stack(0x000000ca9bd00000,0x000000ca9be00000)]
  0x000001deef6db7f0 JavaThread "Attach Listener" daemon [_thread_blocked, id=25556, stack(0x000000ca9be00000,0x000000ca9bf00000)]
  0x000001deef6dcbc0 JavaThread "Service Thread" daemon [_thread_blocked, id=23068, stack(0x000000ca9bf00000,0x000000ca9c000000)]
  0x000001def481a290 JavaThread "Monitor Deflation Thread" daemon [_thread_blocked, id=25516, stack(0x000000ca9c000000,0x000000ca9c100000)]
=>0x000001def481db20 JavaThread "C2 CompilerThread0" daemon [_thread_in_native, id=25488, stack(0x000000ca9c100000,0x000000ca9c200000)]
  0x000001def4828970 JavaThread "C1 CompilerThread0" daemon [_thread_blocked, id=25448, stack(0x000000ca9c200000,0x000000ca9c300000)]
  0x000001def4829e60 JavaThread "Sweeper thread" daemon [_thread_blocked, id=21832, stack(0x000000ca9c300000,0x000000ca9c400000)]
  0x000001def494d210 JavaThread "Common-Cleaner" daemon [_thread_blocked, id=2424, stack(0x000000ca9c400000,0x000000ca9c500000)]
  0x000001def4a10b40 JavaThread "C2 CompilerThread1" daemon [_thread_in_native, id=25592, stack(0x000000ca9c500000,0x000000ca9c600000)]
  0x000001def4b65710 JavaThread "Notification Thread" daemon [_thread_blocked, id=25580, stack(0x000000ca9c600000,0x000000ca9c700000)]
  0x000001def621afa0 JavaThread "Active Thread: Equinox Container: 52d60d99-9e33-4a2a-b769-0451441028a0" [_thread_blocked, id=21276, stack(0x000000ca9c800000,0x000000ca9c900000)]
  0x000001def621b9c0 JavaThread "Framework Event Dispatcher: Equinox Container: 52d60d99-9e33-4a2a-b769-0451441028a0" daemon [_thread_blocked, id=16828, stack(0x000000ca9d000000,0x000000ca9d100000)]
  0x000001def6219650 JavaThread "Start Level: Equinox Container: 52d60d99-9e33-4a2a-b769-0451441028a0" daemon [_thread_blocked, id=13352, stack(0x000000ca9d100000,0x000000ca9d200000)]
  0x000001def6219140 JavaThread "Bundle File Closer" daemon [_thread_blocked, id=2420, stack(0x000000ca9d300000,0x000000ca9d400000)]
  0x000001def621b4b0 JavaThread "SCR Component Actor" daemon [_thread_blocked, id=23076, stack(0x000000ca9d400000,0x000000ca9d500000)]
  0x000001def621a070 JavaThread "SCR Component Registry" daemon [_thread_blocked, id=22684, stack(0x000000ca9d600000,0x000000ca9d700000)]
  0x000001def6218720 JavaThread "Worker-JM" [_thread_blocked, id=21280, stack(0x000000ca9d800000,0x000000ca9d900000)]
  0x000001def621bed0 JavaThread "Worker-0" [_thread_blocked, id=4872, stack(0x000000ca9d900000,0x000000ca9da00000)]
  0x000001def621a580 JavaThread "Worker-1: Initialize Workspace" [_thread_blocked, id=23256, stack(0x000000ca9da00000,0x000000ca9db00000)]
  0x000001def6218c30 JavaThread "Java indexing" daemon [_thread_blocked, id=18284, stack(0x000000ca9db00000,0x000000ca9dc00000)]
  0x000001def8bb3a80 JavaThread "JNA Cleaner" daemon [_thread_blocked, id=15952, stack(0x000000ca9dc00000,0x000000ca9dd00000)]
  0x000001def8bb6300 JavaThread "pool-2-thread-1" [_thread_blocked, id=24484, stack(0x000000ca9dd00000,0x000000ca9de00000)]
  0x000001def8bb53d0 JavaThread "WorkspaceEventsHandler" [_thread_blocked, id=23292, stack(0x000000ca9de00000,0x000000ca9df00000)]
  0x000001def8bb58e0 JavaThread "pool-1-thread-1" [_thread_blocked, id=24588, stack(0x000000ca9df00000,0x000000ca9e000000)]
  0x000001def8bb49b0 JavaThread "Worker-2: Synchronize Gradle projects with workspace" [_thread_blocked, id=3200, stack(0x000000ca9e000000,0x000000ca9e100000)]
  0x000001def8bb3060 JavaThread "Worker-3" [_thread_blocked, id=12472, stack(0x000000ca9e100000,0x000000ca9e200000)]
  0x000001def8bb4ec0 JavaThread "Timer-0" [_thread_blocked, id=24088, stack(0x000000ca9e200000,0x000000ca9e300000)]
  0x000001def8bb3570 JavaThread "Timer-1" [_thread_blocked, id=23676, stack(0x000000ca9e300000,0x000000ca9e400000)]
  0x000001def8bb6810 JavaThread "Timer-2" [_thread_blocked, id=24628, stack(0x000000ca9e500000,0x000000ca9e600000)]
  0x000001defb643280 JavaThread "Exec process" [_thread_blocked, id=24740, stack(0x000000ca9e700000,0x000000ca9e800000)]
  0x000001defb642d70 JavaThread "Exec process Thread 2" [_thread_blocked, id=24676, stack(0x000000ca9e800000,0x000000ca9e900000)]
  0x000001defb64a1e0 JavaThread "Exec process Thread 3" [_thread_blocked, id=24760, stack(0x000000ca9e900000,0x000000ca9ea00000)]
  0x000001defb643790 JavaThread "Exec process Thread 4" [_thread_blocked, id=24804, stack(0x000000ca9ea00000,0x000000ca9eb00000)]
  0x000001defb647450 JavaThread "Exec process Thread 5" [_thread_blocked, id=6720, stack(0x000000ca9eb00000,0x000000ca9ec00000)]
  0x000001defb648890 JavaThread "Exec process Thread 6" [_thread_blocked, id=24788, stack(0x000000ca9ec00000,0x000000ca9ed00000)]
  0x000001defb648380 JavaThread "Timer-3" [_thread_blocked, id=17568, stack(0x000000ca9cf00000,0x000000ca9d000000)]
  0x000001defb648da0 JavaThread "Timer-4" [_thread_blocked, id=2036, stack(0x000000ca9e400000,0x000000ca9e500000)]
  0x000001defb646520 JavaThread "Timer-5" [_thread_blocked, id=2908, stack(0x000000ca9e600000,0x000000ca9e700000)]
  0x000001defb647960 JavaThread "Timer-6" [_thread_blocked, id=15748, stack(0x000000ca9ed00000,0x000000ca9ee00000)]
  0x000001defb646f40 JavaThread "Timer-7" [_thread_blocked, id=20468, stack(0x000000ca9ee00000,0x000000ca9ef00000)]
  0x000001defb64a6f0 JavaThread "Connection worker" [_thread_in_native, id=16488, stack(0x000000ca9ef00000,0x000000ca9f000000)]
  0x000001defb6492b0 JavaThread "pool-3-thread-1" [_thread_blocked, id=22572, stack(0x000000ca9f000000,0x000000ca9f100000)]

Other Threads:
  0x000001def47f2a00 VMThread "VM Thread" [stack: 0x000000ca9ba00000,0x000000ca9bb00000] [id=23304]
  0x000001def601e010 WatcherThread [stack: 0x000000ca9c700000,0x000000ca9c800000] [id=24580]
  0x000001dedb865a30 GCTaskThread "GC Thread#0" [stack: 0x000000ca9b900000,0x000000ca9ba00000] [id=25404]
  0x000001def6662130 GCTaskThread "GC Thread#1" [stack: 0x000000ca9c900000,0x000000ca9ca00000] [id=9524]
  0x000001def67d0ab0 GCTaskThread "GC Thread#2" [stack: 0x000000ca9ca00000,0x000000ca9cb00000] [id=23260]
  0x000001def6730960 GCTaskThread "GC Thread#3" [stack: 0x000000ca9cb00000,0x000000ca9cc00000] [id=16304]
  0x000001def6730c20 GCTaskThread "GC Thread#4" [stack: 0x000000ca9cc00000,0x000000ca9cd00000] [id=25324]
  0x000001def67312f0 GCTaskThread "GC Thread#5" [stack: 0x000000ca9cd00000,0x000000ca9ce00000] [id=15928]
  0x000001def67315b0 GCTaskThread "GC Thread#6" [stack: 0x000000ca9ce00000,0x000000ca9cf00000] [id=18708]
  0x000001def6c19900 GCTaskThread "GC Thread#7" [stack: 0x000000ca9d200000,0x000000ca9d300000] [id=4400]
  0x000001def6bc4bd0 GCTaskThread "GC Thread#8" [stack: 0x000000ca9d500000,0x000000ca9d600000] [id=11596]
  0x000001def6bbf740 GCTaskThread "GC Thread#9" [stack: 0x000000ca9d700000,0x000000ca9d800000] [id=24632]

Threads with active compile tasks:
C2 CompilerThread0     6501 6913       4       org.eclipse.osgi.storage.bundlefile.BundleFile::getResourceURL (24 bytes)
C2 CompilerThread1     6501 6916       4       org.eclipse.osgi.internal.loader.classpath.ClasspathEntry::findResource (65 bytes)

VM state: not at safepoint (normal execution)

VM Mutex/Monitor currently owned by a thread: None

Heap address: 0x00000000c0000000, size: 1024 MB, Compressed Oops mode: 32-bit

CDS archive(s) not mapped
Compressed class space mapped at: 0x0000000100000000-0x0000000140000000, reserved size: 1073741824
Narrow klass base: 0x0000000000000000, Narrow klass shift: 3, Narrow klass range: 0x140000000

GC Precious Log:
 CPUs: 12 total, 12 available
 Memory: 7521M
 Large Page Support: Disabled
 NUMA Support: Disabled
 Compressed Oops: Enabled (32-bit)
 Alignments: Space 512K, Generation 512K, Heap 2M
 Heap Min Capacity: 100M
 Heap Initial Capacity: 100M
 Heap Max Capacity: 1G
 Pre-touch: Disabled
 Parallel Workers: 10

Heap:
 PSYoungGen      total 14848K, used 14821K [0x00000000eab00000, 0x00000000ebb80000, 0x0000000100000000)
  eden space 13824K, 100% used [0x00000000eab00000,0x00000000eb880000,0x00000000eb880000)
  from space 1024K, 97% used [0x00000000eba80000,0x00000000ebb79550,0x00000000ebb80000)
  to   space 1536K, 0% used [0x00000000eb880000,0x00000000eb880000,0x00000000eba00000)
 ParOldGen       total 68608K, used 47564K [0x00000000c0000000, 0x00000000c4300000, 0x00000000eab00000)
  object space 68608K, 69% used [0x00000000c0000000,0x00000000c2e73228,0x00000000c4300000)
 Metaspace       used 64341K, committed 65472K, reserved 1114112K
  class space    used 7828K, committed 8384K, reserved 1048576K

Card table byte_map: [0x000001dedb200000,0x000001dedb410000] _byte_map_base: 0x000001dedac00000

Marking Bits: (ParMarkBitMap*) 0x00007ffc69c7d7d0
 Begin Bits: [0x000001deed4e0000, 0x000001deee4e0000)
 End Bits:   [0x000001deee4e0000, 0x000001deef4e0000)

Polling page: 0x000001ded9840000

Metaspace:

Usage:
  Non-class:     55.19 MB used.
      Class:      7.65 MB used.
       Both:     62.83 MB used.

Virtual space:
  Non-class space:       64.00 MB reserved,      55.75 MB ( 87%) committed,  1 nodes.
      Class space:        1.00 GB reserved,       8.19 MB ( <1%) committed,  1 nodes.
             Both:        1.06 GB reserved,      63.94 MB (  6%) committed. 

Chunk freelists:
   Non-Class:  7.56 MB
       Class:  7.77 MB
        Both:  15.33 MB

MaxMetaspaceSize: unlimited
CompressedClassSpaceSize: 1.00 GB
Initial GC threshold: 21.00 MB
Current GC threshold: 97.31 MB
CDS: off
MetaspaceReclaimPolicy: balanced
 - commit_granule_bytes: 65536.
 - commit_granule_words: 8192.
 - virtual_space_node_default_size: 8388608.
 - enlarge_chunks_in_place: 1.
 - new_chunks_are_fully_committed: 0.
 - uncommit_free_chunks: 1.
 - use_allocation_guard: 0.
 - handle_deallocations: 1.


Internal statistics:

num_allocs_failed_limit: 9.
num_arena_births: 624.
num_arena_deaths: 14.
num_vsnodes_births: 2.
num_vsnodes_deaths: 0.
num_space_committed: 1023.
num_space_uncommitted: 0.
num_chunks_returned_to_freelist: 23.
num_chunks_taken_from_freelist: 2978.
num_chunk_merges: 11.
num_chunk_splits: 1996.
num_chunks_enlarged: 1369.
num_inconsistent_stats: 0.

CodeHeap 'non-profiled nmethods': size=120000Kb used=4459Kb max_used=4459Kb free=115540Kb
 bounds [0x000001dee5fb0000, 0x000001dee6410000, 0x000001deed4e0000]
CodeHeap 'profiled nmethods': size=120000Kb used=12125Kb max_used=12125Kb free=107874Kb
 bounds [0x000001dede4e0000, 0x000001dedf0c0000, 0x000001dee5a10000]
CodeHeap 'non-nmethods': size=5760Kb used=1306Kb max_used=1361Kb free=4453Kb
 bounds [0x000001dee5a10000, 0x000001dee5c80000, 0x000001dee5fb0000]
 total_blobs=6759 nmethods=6116 adapters=556
 compilation: enabled
              stopped_count=0, restarted_count=0
 full_count=0

Compilation events (20 events):
Event: 6.246 Thread 0x000001def4828970 6929       1       org.gradle.tooling.internal.adapter.MethodInvocation::getParameters (5 bytes)
Event: 6.246 Thread 0x000001def4828970 nmethod 6929 0x000001dee63e6510 code [0x000001dee63e66a0, 0x000001dee63e6778]
Event: 6.254 Thread 0x000001def4828970 6930  s    3       org.gradle.internal.concurrent.CompositeStoppable::add (16 bytes)
Event: 6.255 Thread 0x000001def4828970 nmethod 6930 0x000001dedf0b4810 code [0x000001dedf0b49c0, 0x000001dedf0b4c78]
Event: 6.255 Thread 0x000001def4828970 6931       3       org.gradle.internal.concurrent.CompositeStoppable::toStoppable (37 bytes)
Event: 6.255 Thread 0x000001def4828970 nmethod 6931 0x000001dedf0b4d90 code [0x000001dedf0b4f80, 0x000001dedf0b5678]
Event: 6.255 Thread 0x000001def4828970 6933       3       org.gradle.internal.service.DefaultServiceRegistry::unwrap (75 bytes)
Event: 6.256 Thread 0x000001def4828970 nmethod 6933 0x000001dedf0b5790 code [0x000001dedf0b59e0, 0x000001dedf0b66f8]
Event: 6.256 Thread 0x000001def4828970 6932       3       org.gradle.internal.service.DefaultServiceRegistry$SingletonService::<init> (26 bytes)
Event: 6.256 Thread 0x000001def4828970 nmethod 6932 0x000001dedf0b6990 code [0x000001dedf0b6b80, 0x000001dedf0b7168]
Event: 6.261 Thread 0x000001def4828970 6934       3       java.util.concurrent.ConcurrentLinkedQueue::add (6 bytes)
Event: 6.261 Thread 0x000001def4828970 nmethod 6934 0x000001dedf0b7410 code [0x000001dedf0b75c0, 0x000001dedf0b7708]
Event: 6.313 Thread 0x000001def4828970 6935       3       sun.security.provider.HashDrbg::addBytes (130 bytes)
Event: 6.313 Thread 0x000001def4828970 nmethod 6935 0x000001dedf0b7790 code [0x000001dedf0b7940, 0x000001dedf0b7cf8]
Event: 6.341 Thread 0x000001def4a10b40 nmethod 6895 0x000001dee63e6810 code [0x000001dee63e6ea0, 0x000001dee63efad0]
Event: 6.342 Thread 0x000001def4a10b40 6918   !   4       org.eclipse.osgi.storage.bundlefile.CloseableBundleFile::lockOpen (113 bytes)
Event: 6.354 Thread 0x000001def4a10b40 nmethod 6918 0x000001dee63f9590 code [0x000001dee63f97c0, 0x000001dee63fa100]
Event: 6.355 Thread 0x000001def4a10b40 6916       4       org.eclipse.osgi.internal.loader.classpath.ClasspathEntry::findResource (65 bytes)
Event: 6.428 Thread 0x000001def481db20 nmethod 6909 0x000001dee63faa10 code [0x000001dee63faf60, 0x000001dee6402998]
Event: 6.428 Thread 0x000001def481db20 6913       4       org.eclipse.osgi.storage.bundlefile.BundleFile::getResourceURL (24 bytes)

GC Heap History (20 events):
Event: 5.733 GC heap before
{Heap before GC invocations=42 (full 3):
 PSYoungGen      total 14336K, used 14048K [0x00000000eab00000, 0x00000000ebd00000, 0x0000000100000000)
  eden space 13824K, 100% used [0x00000000eab00000,0x00000000eb880000,0x00000000eb880000)
  from space 512K, 43% used [0x00000000ebc80000,0x00000000ebcb8000,0x00000000ebd00000)
  to   space 1024K, 0% used [0x00000000ebb00000,0x00000000ebb00000,0x00000000ebc00000)
 ParOldGen       total 68608K, used 45197K [0x00000000c0000000, 0x00000000c4300000, 0x00000000eab00000)
  object space 68608K, 65% used [0x00000000c0000000,0x00000000c2c234e8,0x00000000c4300000)
 Metaspace       used 64011K, committed 65216K, reserved 1114112K
  class space    used 7770K, committed 8320K, reserved 1048576K
}
Event: 5.734 GC heap after
{Heap after GC invocations=42 (full 3):
 PSYoungGen      total 14848K, used 1006K [0x00000000eab00000, 0x00000000ebd00000, 0x0000000100000000)
  eden space 13824K, 0% used [0x00000000eab00000,0x00000000eab00000,0x00000000eb880000)
  from space 1024K, 98% used [0x00000000ebb00000,0x00000000ebbfb858,0x00000000ebc00000)
  to   space 1024K, 0% used [0x00000000ebc00000,0x00000000ebc00000,0x00000000ebd00000)
 ParOldGen       total 68608K, used 45287K [0x00000000c0000000, 0x00000000c4300000, 0x00000000eab00000)
  object space 68608K, 66% used [0x00000000c0000000,0x00000000c2c39d60,0x00000000c4300000)
 Metaspace       used 64011K, committed 65216K, reserved 1114112K
  class space    used 7770K, committed 8320K, reserved 1048576K
}
Event: 5.773 GC heap before
{Heap before GC invocations=43 (full 3):
 PSYoungGen      total 14848K, used 14830K [0x00000000eab00000, 0x00000000ebd00000, 0x0000000100000000)
  eden space 13824K, 100% used [0x00000000eab00000,0x00000000eb880000,0x00000000eb880000)
  from space 1024K, 98% used [0x00000000ebb00000,0x00000000ebbfb858,0x00000000ebc00000)
  to   space 1024K, 0% used [0x00000000ebc00000,0x00000000ebc00000,0x00000000ebd00000)
 ParOldGen       total 68608K, used 45287K [0x00000000c0000000, 0x00000000c4300000, 0x00000000eab00000)
  object space 68608K, 66% used [0x00000000c0000000,0x00000000c2c39d60,0x00000000c4300000)
 Metaspace       used 64012K, committed 65216K, reserved 1114112K
  class space    used 7770K, committed 8320K, reserved 1048576K
}
Event: 5.774 GC heap after
{Heap after GC invocations=43 (full 3):
 PSYoungGen      total 14336K, used 256K [0x00000000eab00000, 0x00000000ebc80000, 0x0000000100000000)
  eden space 13824K, 0% used [0x00000000eab00000,0x00000000eab00000,0x00000000eb880000)
  from space 512K, 50% used [0x00000000ebc00000,0x00000000ebc40000,0x00000000ebc80000)
  to   space 1024K, 0% used [0x00000000eba80000,0x00000000eba80000,0x00000000ebb80000)
 ParOldGen       total 68608K, used 45343K [0x00000000c0000000, 0x00000000c4300000, 0x00000000eab00000)
  object space 68608K, 66% used [0x00000000c0000000,0x00000000c2c47d60,0x00000000c4300000)
 Metaspace       used 64012K, committed 65216K, reserved 1114112K
  class space    used 7770K, committed 8320K, reserved 1048576K
}
Event: 5.812 GC heap before
{Heap before GC invocations=44 (full 3):
 PSYoungGen      total 14336K, used 14080K [0x00000000eab00000, 0x00000000ebc80000, 0x0000000100000000)
  eden space 13824K, 100% used [0x00000000eab00000,0x00000000eb880000,0x00000000eb880000)
  from space 512K, 50% used [0x00000000ebc00000,0x00000000ebc40000,0x00000000ebc80000)
  to   space 1024K, 0% used [0x00000000eba80000,0x00000000eba80000,0x00000000ebb80000)
 ParOldGen       total 68608K, used 45343K [0x00000000c0000000, 0x00000000c4300000, 0x00000000eab00000)
  object space 68608K, 66% used [0x00000000c0000000,0x00000000c2c47d60,0x00000000c4300000)
 Metaspace       used 64012K, committed 65216K, reserved 1114112K
  class space    used 7770K, committed 8320K, reserved 1048576K
}
Event: 5.813 GC heap after
{Heap after GC invocations=44 (full 3):
 PSYoungGen      total 14848K, used 974K [0x00000000eab00000, 0x00000000ebc80000, 0x0000000100000000)
  eden space 13824K, 0% used [0x00000000eab00000,0x00000000eab00000,0x00000000eb880000)
  from space 1024K, 95% used [0x00000000eba80000,0x00000000ebb73808,0x00000000ebb80000)
  to   space 1024K, 0% used [0x00000000ebb80000,0x00000000ebb80000,0x00000000ebc80000)
 ParOldGen       total 68608K, used 45451K [0x00000000c0000000, 0x00000000c4300000, 0x00000000eab00000)
  object space 68608K, 66% used [0x00000000c0000000,0x00000000c2c62e30,0x00000000c4300000)
 Metaspace       used 64012K, committed 65216K, reserved 1114112K
  class space    used 7770K, committed 8320K, reserved 1048576K
}
Event: 5.865 GC heap before
{Heap before GC invocations=45 (full 3):
 PSYoungGen      total 14848K, used 14798K [0x00000000eab00000, 0x00000000ebc80000, 0x0000000100000000)
  eden space 13824K, 100% used [0x00000000eab00000,0x00000000eb880000,0x00000000eb880000)
  from space 1024K, 95% used [0x00000000eba80000,0x00000000ebb73808,0x00000000ebb80000)
  to   space 1024K, 0% used [0x00000000ebb80000,0x00000000ebb80000,0x00000000ebc80000)
 ParOldGen       total 68608K, used 45451K [0x00000000c0000000, 0x00000000c4300000, 0x00000000eab00000)
  object space 68608K, 66% used [0x00000000c0000000,0x00000000c2c62e30,0x00000000c4300000)
 Metaspace       used 64012K, committed 65216K, reserved 1114112K
  class space    used 7770K, committed 8320K, reserved 1048576K
}
Event: 5.865 GC heap after
{Heap after GC invocations=45 (full 3):
 PSYoungGen      total 14336K, used 497K [0x00000000eab00000, 0x00000000ebc00000, 0x0000000100000000)
  eden space 13824K, 0% used [0x00000000eab00000,0x00000000eab00000,0x00000000eb880000)
  from space 512K, 97% used [0x00000000ebb80000,0x00000000ebbfc450,0x00000000ebc00000)
  to   space 1024K, 0% used [0x00000000eba00000,0x00000000eba00000,0x00000000ebb00000)
 ParOldGen       total 68608K, used 45515K [0x00000000c0000000, 0x00000000c4300000, 0x00000000eab00000)
  object space 68608K, 66% used [0x00000000c0000000,0x00000000c2c72e30,0x00000000c4300000)
 Metaspace       used 64012K, committed 65216K, reserved 1114112K
  class space    used 7770K, committed 8320K, reserved 1048576K
}
Event: 5.905 GC heap before
{Heap before GC invocations=46 (full 3):
 PSYoungGen      total 14336K, used 14321K [0x00000000eab00000, 0x00000000ebc00000, 0x0000000100000000)
  eden space 13824K, 100% used [0x00000000eab00000,0x00000000eb880000,0x00000000eb880000)
  from space 512K, 97% used [0x00000000ebb80000,0x00000000ebbfc450,0x00000000ebc00000)
  to   space 1024K, 0% used [0x00000000eba00000,0x00000000eba00000,0x00000000ebb00000)
 ParOldGen       total 68608K, used 45515K [0x00000000c0000000, 0x00000000c4300000, 0x00000000eab00000)
  object space 68608K, 66% used [0x00000000c0000000,0x00000000c2c72e30,0x00000000c4300000)
 Metaspace       used 64012K, committed 65216K, reserved 1114112K
  class space    used 7770K, committed 8320K, reserved 1048576K
}
Event: 5.905 GC heap after
{Heap after GC invocations=46 (full 3):
 PSYoungGen      total 14848K, used 529K [0x00000000eab00000, 0x00000000ebc00000, 0x0000000100000000)
  eden space 13824K, 0% used [0x00000000eab00000,0x00000000eab00000,0x00000000eb880000)
  from space 1024K, 51% used [0x00000000eba00000,0x00000000eba84470,0x00000000ebb00000)
  to   space 1024K, 0% used [0x00000000ebb00000,0x00000000ebb00000,0x00000000ebc00000)
 ParOldGen       total 68608K, used 45959K [0x00000000c0000000, 0x00000000c4300000, 0x00000000eab00000)
  object space 68608K, 66% used [0x00000000c0000000,0x00000000c2ce1ec8,0x00000000c4300000)
 Metaspace       used 64012K, committed 65216K, reserved 1114112K
  class space    used 7770K, committed 8320K, reserved 1048576K
}
Event: 5.954 GC heap before
{Heap before GC invocations=47 (full 3):
 PSYoungGen      total 14848K, used 14353K [0x00000000eab00000, 0x00000000ebc00000, 0x0000000100000000)
  eden space 13824K, 100% used [0x00000000eab00000,0x00000000eb880000,0x00000000eb880000)
  from space 1024K, 51% used [0x00000000eba00000,0x00000000eba84470,0x00000000ebb00000)
  to   space 1024K, 0% used [0x00000000ebb00000,0x00000000ebb00000,0x00000000ebc00000)
 ParOldGen       total 68608K, used 45959K [0x00000000c0000000, 0x00000000c4300000, 0x00000000eab00000)
  object space 68608K, 66% used [0x00000000c0000000,0x00000000c2ce1ec8,0x00000000c4300000)
 Metaspace       used 64013K, committed 65216K, reserved 1114112K
  class space    used 7770K, committed 8320K, reserved 1048576K
}
Event: 5.955 GC heap after
{Heap after GC invocations=47 (full 3):
 PSYoungGen      total 14848K, used 669K [0x00000000eab00000, 0x00000000ebc00000, 0x0000000100000000)
  eden space 13824K, 0% used [0x00000000eab00000,0x00000000eab00000,0x00000000eb880000)
  from space 1024K, 65% used [0x00000000ebb00000,0x00000000ebba7460,0x00000000ebc00000)
  to   space 1024K, 0% used [0x00000000eba00000,0x00000000eba00000,0x00000000ebb00000)
 ParOldGen       total 68608K, used 46022K [0x00000000c0000000, 0x00000000c4300000, 0x00000000eab00000)
  object space 68608K, 67% used [0x00000000c0000000,0x00000000c2cf1898,0x00000000c4300000)
 Metaspace       used 64013K, committed 65216K, reserved 1114112K
  class space    used 7770K, committed 8320K, reserved 1048576K
}
Event: 6.003 GC heap before
{Heap before GC invocations=48 (full 3):
 PSYoungGen      total 14848K, used 14493K [0x00000000eab00000, 0x00000000ebc00000, 0x0000000100000000)
  eden space 13824K, 100% used [0x00000000eab00000,0x00000000eb880000,0x00000000eb880000)
  from space 1024K, 65% used [0x00000000ebb00000,0x00000000ebba7460,0x00000000ebc00000)
  to   space 1024K, 0% used [0x00000000eba00000,0x00000000eba00000,0x00000000ebb00000)
 ParOldGen       total 68608K, used 46022K [0x00000000c0000000, 0x00000000c4300000, 0x00000000eab00000)
  object space 68608K, 67% used [0x00000000c0000000,0x00000000c2cf1898,0x00000000c4300000)
 Metaspace       used 64013K, committed 65216K, reserved 1114112K
  class space    used 7770K, committed 8320K, reserved 1048576K
}
Event: 6.004 GC heap after
{Heap after GC invocations=48 (full 3):
 PSYoungGen      total 14848K, used 288K [0x00000000eab00000, 0x00000000ebb80000, 0x0000000100000000)
  eden space 13824K, 0% used [0x00000000eab00000,0x00000000eab00000,0x00000000eb880000)
  from space 1024K, 28% used [0x00000000eba00000,0x00000000eba48000,0x00000000ebb00000)
  to   space 512K, 0% used [0x00000000ebb00000,0x00000000ebb00000,0x00000000ebb80000)
 ParOldGen       total 68608K, used 46636K [0x00000000c0000000, 0x00000000c4300000, 0x00000000eab00000)
  object space 68608K, 67% used [0x00000000c0000000,0x00000000c2d8b288,0x00000000c4300000)
 Metaspace       used 64013K, committed 65216K, reserved 1114112K
  class space    used 7770K, committed 8320K, reserved 1048576K
}
Event: 6.045 GC heap before
{Heap before GC invocations=49 (full 3):
 PSYoungGen      total 14848K, used 14112K [0x00000000eab00000, 0x00000000ebb80000, 0x0000000100000000)
  eden space 13824K, 100% used [0x00000000eab00000,0x00000000eb880000,0x00000000eb880000)
  from space 1024K, 28% used [0x00000000eba00000,0x00000000eba48000,0x00000000ebb00000)
  to   space 512K, 0% used [0x00000000ebb00000,0x00000000ebb00000,0x00000000ebb80000)
 ParOldGen       total 68608K, used 46636K [0x00000000c0000000, 0x00000000c4300000, 0x00000000eab00000)
  object space 68608K, 67% used [0x00000000c0000000,0x00000000c2d8b288,0x00000000c4300000)
 Metaspace       used 64013K, committed 65216K, reserved 1114112K
  class space    used 7770K, committed 8320K, reserved 1048576K
}
Event: 6.046 GC heap after
{Heap after GC invocations=49 (full 3):
 PSYoungGen      total 14336K, used 495K [0x00000000eab00000, 0x00000000ebb80000, 0x0000000100000000)
  eden space 13824K, 0% used [0x00000000eab00000,0x00000000eab00000,0x00000000eb880000)
  from space 512K, 96% used [0x00000000ebb00000,0x00000000ebb7bfb0,0x00000000ebb80000)
  to   space 1536K, 0% used [0x00000000eb880000,0x00000000eb880000,0x00000000eba00000)
 ParOldGen       total 68608K, used 47347K [0x00000000c0000000, 0x00000000c4300000, 0x00000000eab00000)
  object space 68608K, 69% used [0x00000000c0000000,0x00000000c2e3cff8,0x00000000c4300000)
 Metaspace       used 64013K, committed 65216K, reserved 1114112K
  class space    used 7770K, committed 8320K, reserved 1048576K
}
Event: 6.089 GC heap before
{Heap before GC invocations=50 (full 3):
 PSYoungGen      total 14336K, used 14319K [0x00000000eab00000, 0x00000000ebb80000, 0x0000000100000000)
  eden space 13824K, 100% used [0x00000000eab00000,0x00000000eb880000,0x00000000eb880000)
  from space 512K, 96% used [0x00000000ebb00000,0x00000000ebb7bfb0,0x00000000ebb80000)
  to   space 1536K, 0% used [0x00000000eb880000,0x00000000eb880000,0x00000000eba00000)
 ParOldGen       total 68608K, used 47347K [0x00000000c0000000, 0x00000000c4300000, 0x00000000eab00000)
  object space 68608K, 69% used [0x00000000c0000000,0x00000000c2e3cff8,0x00000000c4300000)
 Metaspace       used 64013K, committed 65216K, reserved 1114112K
  class space    used 7770K, committed 8320K, reserved 1048576K
}
Event: 6.089 GC heap after
{Heap after GC invocations=50 (full 3):
 PSYoungGen      total 15360K, used 320K [0x00000000eab00000, 0x00000000ebb80000, 0x0000000100000000)
  eden space 13824K, 0% used [0x00000000eab00000,0x00000000eab00000,0x00000000eb880000)
  from space 1536K, 20% used [0x00000000eb880000,0x00000000eb8d0000,0x00000000eba00000)
  to   space 1024K, 0% used [0x00000000eba80000,0x00000000eba80000,0x00000000ebb80000)
 ParOldGen       total 68608K, used 47448K [0x00000000c0000000, 0x00000000c4300000, 0x00000000eab00000)
  object space 68608K, 69% used [0x00000000c0000000,0x00000000c2e56158,0x00000000c4300000)
 Metaspace       used 64013K, committed 65216K, reserved 1114112K
  class space    used 7770K, committed 8320K, reserved 1048576K
}
Event: 6.151 GC heap before
{Heap before GC invocations=51 (full 3):
 PSYoungGen      total 15360K, used 14144K [0x00000000eab00000, 0x00000000ebb80000, 0x0000000100000000)
  eden space 13824K, 100% used [0x00000000eab00000,0x00000000eb880000,0x00000000eb880000)
  from space 1536K, 20% used [0x00000000eb880000,0x00000000eb8d0000,0x00000000eba00000)
  to   space 1024K, 0% used [0x00000000eba80000,0x00000000eba80000,0x00000000ebb80000)
 ParOldGen       total 68608K, used 47448K [0x00000000c0000000, 0x00000000c4300000, 0x00000000eab00000)
  object space 68608K, 69% used [0x00000000c0000000,0x00000000c2e56158,0x00000000c4300000)
 Metaspace       used 64014K, committed 65216K, reserved 1114112K
  class space    used 7770K, committed 8320K, reserved 1048576K
}
Event: 6.152 GC heap after
{Heap after GC invocations=51 (full 3):
 PSYoungGen      total 14848K, used 997K [0x00000000eab00000, 0x00000000ebb80000, 0x0000000100000000)
  eden space 13824K, 0% used [0x00000000eab00000,0x00000000eab00000,0x00000000eb880000)
  from space 1024K, 97% used [0x00000000eba80000,0x00000000ebb79550,0x00000000ebb80000)
  to   space 1536K, 0% used [0x00000000eb880000,0x00000000eb880000,0x00000000eba00000)
 ParOldGen       total 68608K, used 47564K [0x00000000c0000000, 0x00000000c4300000, 0x00000000eab00000)
  object space 68608K, 69% used [0x00000000c0000000,0x00000000c2e73228,0x00000000c4300000)
 Metaspace       used 64014K, committed 65216K, reserved 1114112K
  class space    used 7770K, committed 8320K, reserved 1048576K
}

Dll operation events (14 events):
Event: 0.011 Loaded shared library c:\Users\HP\.vscode\extensions\redhat.java-1.29.0-win32-x64\jre\17.0.10-win32-x86_64\bin\java.dll
Event: 0.146 Loaded shared library c:\Users\HP\.vscode\extensions\redhat.java-1.29.0-win32-x64\jre\17.0.10-win32-x86_64\bin\zip.dll
Event: 0.149 Loaded shared library C:\Users\HP\.vscode\extensions\redhat.java-1.29.0-win32-x64\jre\17.0.10-win32-x86_64\bin\instrument.dll
Event: 0.161 Loaded shared library C:\Users\HP\.vscode\extensions\redhat.java-1.29.0-win32-x64\jre\17.0.10-win32-x86_64\bin\net.dll
Event: 0.163 Loaded shared library C:\Users\HP\.vscode\extensions\redhat.java-1.29.0-win32-x64\jre\17.0.10-win32-x86_64\bin\nio.dll
Event: 0.170 Loaded shared library C:\Users\HP\.vscode\extensions\redhat.java-1.29.0-win32-x64\jre\17.0.10-win32-x86_64\bin\zip.dll
Event: 0.185 Loaded shared library C:\Users\HP\.vscode\extensions\redhat.java-1.29.0-win32-x64\jre\17.0.10-win32-x86_64\bin\jimage.dll
Event: 0.235 Loaded shared library c:\Users\HP\.vscode\extensions\redhat.java-1.29.0-win32-x64\jre\17.0.10-win32-x86_64\bin\verify.dll
Event: 0.906 Loaded shared library C:\Users\HP\AppData\Roaming\Code\User\globalStorage\redhat.java\1.29.0\config_win\org.eclipse.equinox.launcher\org.eclipse.equinox.launcher.win32.win32.x86_64_1.2.900.v20240213-1244\eclipse_11900.dll
Event: 2.690 Loaded shared library C:\Users\HP\AppData\Local\Temp\jna-2312\jna10161469625133812768.dll
Event: 4.194 Loaded shared library C:\Users\HP\.gradle\native\fdc75f09e3144964f2cf3f50f0aa648679c211496f362492102eb8c894070792\windows-amd64\native-platform.dll
Event: 4.199 Loaded shared library C:\Users\HP\.gradle\native\12488b8bf47d2d4c9fbf2f6322a914ad602e24e48041cd04a747c6da556b65c4\windows-amd64\native-platform-file-events.dll
Event: 4.729 Loaded shared library C:\Users\HP\.vscode\extensions\redhat.java-1.29.0-win32-x64\jre\17.0.10-win32-x86_64\bin\management.dll
Event: 4.735 Loaded shared library C:\Users\HP\.vscode\extensions\redhat.java-1.29.0-win32-x64\jre\17.0.10-win32-x86_64\bin\management_ext.dll

Deoptimization events (20 events):
Event: 5.868 Thread 0x000001defb64a6f0 DEOPT PACKING pc=0x000001dedf0a0312 sp=0x000000ca9effa730
Event: 5.868 Thread 0x000001defb64a6f0 DEOPT UNPACKING pc=0x000001dee5a66e43 sp=0x000000ca9eff9ce0 mode 0
Event: 5.876 Thread 0x000001defb64a6f0 DEOPT PACKING pc=0x000001dedf0a0312 sp=0x000000ca9eff9bf0
Event: 5.876 Thread 0x000001defb64a6f0 DEOPT UNPACKING pc=0x000001dee5a66e43 sp=0x000000ca9eff91a0 mode 0
Event: 5.882 Thread 0x000001defb64a6f0 DEOPT PACKING pc=0x000001dedf0a0312 sp=0x000000ca9eff8450
Event: 5.882 Thread 0x000001defb64a6f0 DEOPT UNPACKING pc=0x000001dee5a66e43 sp=0x000000ca9eff7a00 mode 0
Event: 5.889 Thread 0x000001defb64a6f0 DEOPT PACKING pc=0x000001dedf0a0312 sp=0x000000ca9eff8f90
Event: 5.889 Thread 0x000001defb64a6f0 DEOPT UNPACKING pc=0x000001dee5a66e43 sp=0x000000ca9eff8540 mode 0
Event: 5.894 Thread 0x000001defb64a6f0 DEOPT PACKING pc=0x000001dedf0a0312 sp=0x000000ca9eff89f0
Event: 5.894 Thread 0x000001defb64a6f0 DEOPT UNPACKING pc=0x000001dee5a66e43 sp=0x000000ca9eff7fa0 mode 0
Event: 5.900 Thread 0x000001defb64a6f0 DEOPT PACKING pc=0x000001dedf0a0312 sp=0x000000ca9eff8db0
Event: 5.900 Thread 0x000001defb64a6f0 DEOPT UNPACKING pc=0x000001dee5a66e43 sp=0x000000ca9eff8360 mode 0
Event: 5.904 Thread 0x000001defb64a6f0 DEOPT PACKING pc=0x000001dedf0a0312 sp=0x000000ca9eff9fb0
Event: 5.904 Thread 0x000001defb64a6f0 DEOPT UNPACKING pc=0x000001dee5a66e43 sp=0x000000ca9eff9560 mode 0
Event: 5.918 Thread 0x000001defb64a6f0 DEOPT PACKING pc=0x000001dedf0a0312 sp=0x000000ca9effb9f0
Event: 5.918 Thread 0x000001defb64a6f0 DEOPT UNPACKING pc=0x000001dee5a66e43 sp=0x000000ca9effafa0 mode 0
Event: 6.213 Thread 0x000001defb64a6f0 Uncommon trap: trap_request=0xffffff45 fr.pc=0x000001dee63d9688 relative=0x0000000000003be8
Event: 6.213 Thread 0x000001defb64a6f0 Uncommon trap: reason=unstable_if action=reinterpret pc=0x000001dee63d9688 method=org.eclipse.osgi.internal.loader.ModuleClassLoader.getResource(Ljava/lang/String;)Ljava/net/URL; @ 56 c2
Event: 6.213 Thread 0x000001defb64a6f0 DEOPT PACKING pc=0x000001dee63d9688 sp=0x000000ca9effdeb0
Event: 6.213 Thread 0x000001defb64a6f0 DEOPT UNPACKING pc=0x000001dee5a666a3 sp=0x000000ca9effde28 mode 2

Classes unloaded (7 events):
Event: 2.621 Thread 0x000001def47f2a00 Unloading class 0x0000000100250400 'java/lang/invoke/LambdaForm$MH+0x0000000100250400'
Event: 2.621 Thread 0x000001def47f2a00 Unloading class 0x0000000100250000 'java/lang/invoke/LambdaForm$MH+0x0000000100250000'
Event: 2.621 Thread 0x000001def47f2a00 Unloading class 0x000000010024fc00 'java/lang/invoke/LambdaForm$MH+0x000000010024fc00'
Event: 2.621 Thread 0x000001def47f2a00 Unloading class 0x000000010024f800 'java/lang/invoke/LambdaForm$MH+0x000000010024f800'
Event: 2.621 Thread 0x000001def47f2a00 Unloading class 0x000000010024f400 'java/lang/invoke/LambdaForm$BMH+0x000000010024f400'
Event: 2.621 Thread 0x000001def47f2a00 Unloading class 0x000000010024f000 'java/lang/invoke/LambdaForm$DMH+0x000000010024f000'
Event: 2.621 Thread 0x000001def47f2a00 Unloading class 0x000000010024c400 'java/lang/invoke/LambdaForm$DMH+0x000000010024c400'

Classes redefined (0 events):
No events

Internal exceptions (20 events):
Event: 5.416 Thread 0x000001def8bb4ec0 Exception <a 'java/io/IOException'{0x00000000eb85f5b8}> (0x00000000eb85f5b8) 
thrown [s\src\hotspot\share\prims\jni.cpp, line 516]
Event: 5.416 Thread 0x000001def8bb4ec0 Exception <a 'java/io/IOException'{0x00000000eb85f8c8}> (0x00000000eb85f8c8) 
thrown [s\src\hotspot\share\prims\jni.cpp, line 516]
Event: 5.530 Thread 0x000001def621bed0 Exception <a 'java/io/FileNotFoundException'{0x00000000eb119bb8}> (0x00000000eb119bb8) 
thrown [s\src\hotspot\share\prims\jni.cpp, line 516]
Event: 5.530 Thread 0x000001def621bed0 Exception <a 'java/io/FileNotFoundException'{0x00000000eb11ab98}> (0x00000000eb11ab98) 
thrown [s\src\hotspot\share\prims\jni.cpp, line 516]
Event: 5.530 Thread 0x000001def621bed0 Exception <a 'java/io/FileNotFoundException'{0x00000000eb159798}> (0x00000000eb159798) 
thrown [s\src\hotspot\share\prims\jni.cpp, line 516]
Event: 5.596 Thread 0x000001defb646520 Exception <a 'java/io/IOException'{0x00000000eaf693d0}> (0x00000000eaf693d0) 
thrown [s\src\hotspot\share\prims\jni.cpp, line 516]
Event: 5.596 Thread 0x000001defb646520 Exception <a 'java/io/IOException'{0x00000000eaf696e0}> (0x00000000eaf696e0) 
thrown [s\src\hotspot\share\prims\jni.cpp, line 516]
Event: 5.597 Thread 0x000001defb646520 Exception <a 'java/io/IOException'{0x00000000eaf699f0}> (0x00000000eaf699f0) 
thrown [s\src\hotspot\share\prims\jni.cpp, line 516]
Event: 5.597 Thread 0x000001defb646520 Exception <a 'java/io/IOException'{0x00000000eaf6ab88}> (0x00000000eaf6ab88) 
thrown [s\src\hotspot\share\prims\jni.cpp, line 516]
Event: 5.597 Thread 0x000001defb646520 Exception <a 'java/io/IOException'{0x00000000eaf6ae98}> (0x00000000eaf6ae98) 
thrown [s\src\hotspot\share\prims\jni.cpp, line 516]
Event: 5.597 Thread 0x000001defb646520 Exception <a 'java/io/IOException'{0x00000000eaf6b1a8}> (0x00000000eaf6b1a8) 
thrown [s\src\hotspot\share\prims\jni.cpp, line 516]
Event: 5.917 Thread 0x000001def8bb4ec0 Exception <a 'java/io/IOException'{0x00000000eae9bfb0}> (0x00000000eae9bfb0) 
thrown [s\src\hotspot\share\prims\jni.cpp, line 516]
Event: 5.917 Thread 0x000001def8bb4ec0 Exception <a 'java/io/IOException'{0x00000000eae9c2c0}> (0x00000000eae9c2c0) 
thrown [s\src\hotspot\share\prims\jni.cpp, line 516]
Event: 5.917 Thread 0x000001def8bb4ec0 Exception <a 'java/io/IOException'{0x00000000eae9c5d0}> (0x00000000eae9c5d0) 
thrown [s\src\hotspot\share\prims\jni.cpp, line 516]
Event: 6.096 Thread 0x000001defb646520 Exception <a 'java/io/IOException'{0x00000000eace80d0}> (0x00000000eace80d0) 
thrown [s\src\hotspot\share\prims\jni.cpp, line 516]
Event: 6.096 Thread 0x000001defb646520 Exception <a 'java/io/IOException'{0x00000000eace83e0}> (0x00000000eace83e0) 
thrown [s\src\hotspot\share\prims\jni.cpp, line 516]
Event: 6.096 Thread 0x000001defb646520 Exception <a 'java/io/IOException'{0x00000000eace86f0}> (0x00000000eace86f0) 
thrown [s\src\hotspot\share\prims\jni.cpp, line 516]
Event: 6.096 Thread 0x000001defb646520 Exception <a 'java/io/IOException'{0x00000000eace9800}> (0x00000000eace9800) 
thrown [s\src\hotspot\share\prims\jni.cpp, line 516]
Event: 6.096 Thread 0x000001defb646520 Exception <a 'java/io/IOException'{0x00000000eace9b10}> (0x00000000eace9b10) 
thrown [s\src\hotspot\share\prims\jni.cpp, line 516]
Event: 6.096 Thread 0x000001defb646520 Exception <a 'java/io/IOException'{0x00000000eace9e20}> (0x00000000eace9e20) 
thrown [s\src\hotspot\share\prims\jni.cpp, line 516]

VM Operations (20 events):
Event: 5.733 Executing VM operation: ParallelGCFailedAllocation
Event: 5.734 Executing VM operation: ParallelGCFailedAllocation done
Event: 5.773 Executing VM operation: ParallelGCFailedAllocation
Event: 5.774 Executing VM operation: ParallelGCFailedAllocation done
Event: 5.812 Executing VM operation: ParallelGCFailedAllocation
Event: 5.813 Executing VM operation: ParallelGCFailedAllocation done
Event: 5.865 Executing VM operation: ParallelGCFailedAllocation
Event: 5.865 Executing VM operation: ParallelGCFailedAllocation done
Event: 5.905 Executing VM operation: ParallelGCFailedAllocation
Event: 5.905 Executing VM operation: ParallelGCFailedAllocation done
Event: 5.954 Executing VM operation: ParallelGCFailedAllocation
Event: 5.955 Executing VM operation: ParallelGCFailedAllocation done
Event: 6.003 Executing VM operation: ParallelGCFailedAllocation
Event: 6.004 Executing VM operation: ParallelGCFailedAllocation done
Event: 6.045 Executing VM operation: ParallelGCFailedAllocation
Event: 6.046 Executing VM operation: ParallelGCFailedAllocation done
Event: 6.089 Executing VM operation: ParallelGCFailedAllocation
Event: 6.089 Executing VM operation: ParallelGCFailedAllocation done
Event: 6.151 Executing VM operation: ParallelGCFailedAllocation
Event: 6.152 Executing VM operation: ParallelGCFailedAllocation done

Events (20 events):
Event: 5.478 loading class java/util/PrimitiveIterator$OfInt done
Event: 5.479 loading class java/util/stream/LongStream
Event: 5.480 loading class java/util/stream/LongStream done
Event: 5.480 loading class java/util/stream/DoubleStream
Event: 5.480 loading class java/util/stream/DoubleStream done
Event: 5.602 loading class java/io/ObjectStreamClass$ExceptionInfo
Event: 5.602 loading class java/io/ObjectStreamClass$ExceptionInfo done
Event: 6.285 loading class java/util/concurrent/Executors$DelegatedScheduledExecutorService
Event: 6.302 loading class java/util/concurrent/Executors$DelegatedExecutorService
Event: 6.303 loading class java/util/concurrent/Executors$DelegatedExecutorService done
Event: 6.303 loading class java/util/concurrent/Executors$DelegatedScheduledExecutorService done
Event: 6.308 Thread 0x000001defb6492b0 Thread added: 0x000001defb6492b0
Event: 6.319 loading class java/net/DatagramSocket
Event: 6.330 loading class java/net/DatagramSocket done
Event: 6.330 loading class java/net/DatagramSocket$1
Event: 6.330 loading class java/net/DatagramSocket$1 done
Event: 6.331 loading class sun/net/NetProperties
Event: 6.332 loading class sun/net/NetProperties done
Event: 6.332 loading class sun/net/NetProperties$1
Event: 6.333 loading class sun/net/NetProperties$1 done


Dynamic libraries:
0x00007ff774d70000 - 0x00007ff774d7e000 	c:\Users\HP\.vscode\extensions\redhat.java-1.29.0-win32-x64\jre\17.0.10-win32-x86_64\bin\java.exe
0x00007ffd023d0000 - 0x00007ffd025e6000 	C:\WINDOWS\SYSTEM32\ntdll.dll
0x00007ffd00520000 - 0x00007ffd005e4000 	C:\WINDOWS\System32\KERNEL32.DLL
0x00007ffcff9e0000 - 0x00007ffcffd87000 	C:\WINDOWS\System32\KERNELBASE.dll
0x00007ffcff770000 - 0x00007ffcff881000 	C:\WINDOWS\System32\ucrtbase.dll
0x00007ffce69d0000 - 0x00007ffce69e7000 	c:\Users\HP\.vscode\extensions\redhat.java-1.29.0-win32-x64\jre\17.0.10-win32-x86_64\bin\jli.dll
0x00007ffce66a0000 - 0x00007ffce66bb000 	c:\Users\HP\.vscode\extensions\redhat.java-1.29.0-win32-x64\jre\17.0.10-win32-x86_64\bin\VCRUNTIME140.dll
0x00007ffd00340000 - 0x00007ffd004ee000 	C:\WINDOWS\System32\USER32.dll
0x00007ffcec1a0000 - 0x00007ffcec433000 	C:\WINDOWS\WinSxS\amd64_microsoft.windows.common-controls_6595b64144ccf1df_6.0.22621.3235_none_270f74e173860f98\COMCTL32.dll
0x00007ffcfff00000 - 0x00007ffcfff26000 	C:\WINDOWS\System32\win32u.dll
0x00007ffd004f0000 - 0x00007ffd00519000 	C:\WINDOWS\System32\GDI32.dll
0x00007ffd00ad0000 - 0x00007ffd00b77000 	C:\WINDOWS\System32\msvcrt.dll
0x00007ffcff8c0000 - 0x00007ffcff9d9000 	C:\WINDOWS\System32\gdi32full.dll
0x00007ffcffff0000 - 0x00007ffd0008a000 	C:\WINDOWS\System32\msvcp_win.dll
0x00007ffd01f70000 - 0x00007ffd01fa1000 	C:\WINDOWS\System32\IMM32.DLL
0x00007ffcfafc0000 - 0x00007ffcfafcc000 	c:\Users\HP\.vscode\extensions\redhat.java-1.29.0-win32-x64\jre\17.0.10-win32-x86_64\bin\vcruntime140_1.dll
0x00007ffcd4700000 - 0x00007ffcd478d000 	c:\Users\HP\.vscode\extensions\redhat.java-1.29.0-win32-x64\jre\17.0.10-win32-x86_64\bin\msvcp140.dll
0x00007ffc690e0000 - 0x00007ffc69d42000 	c:\Users\HP\.vscode\extensions\redhat.java-1.29.0-win32-x64\jre\17.0.10-win32-x86_64\bin\server\jvm.dll
0x00007ffd01730000 - 0x00007ffd017e2000 	C:\WINDOWS\System32\ADVAPI32.dll
0x00007ffd00b90000 - 0x00007ffd00c38000 	C:\WINDOWS\System32\sechost.dll
0x00007ffcff890000 - 0x00007ffcff8b8000 	C:\WINDOWS\System32\bcrypt.dll
0x00007ffd02270000 - 0x00007ffd02385000 	C:\WINDOWS\System32\RPCRT4.dll
0x00007ffcff5c0000 - 0x00007ffcff60d000 	C:\WINDOWS\SYSTEM32\POWRPROF.dll
0x00007ffcf9210000 - 0x00007ffcf9244000 	C:\WINDOWS\SYSTEM32\WINMM.dll
0x00007ffcfa8d0000 - 0x00007ffcfa8d9000 	C:\WINDOWS\SYSTEM32\WSOCK32.dll
0x00007ffd00100000 - 0x00007ffd00171000 	C:\WINDOWS\System32\WS2_32.dll
0x00007ffcf8b50000 - 0x00007ffcf8b5a000 	C:\WINDOWS\SYSTEM32\VERSION.dll
0x00007ffcff5a0000 - 0x00007ffcff5b3000 	C:\WINDOWS\SYSTEM32\UMPDC.dll
0x00007ffcfe740000 - 0x00007ffcfe758000 	C:\WINDOWS\SYSTEM32\kernel.appcore.dll
0x00007ffcfae50000 - 0x00007ffcfae5a000 	c:\Users\HP\.vscode\extensions\redhat.java-1.29.0-win32-x64\jre\17.0.10-win32-x86_64\bin\jimage.dll
0x00007ffcf6c50000 - 0x00007ffcf6e83000 	C:\WINDOWS\SYSTEM32\DBGHELP.DLL
0x00007ffd01a80000 - 0x00007ffd01e08000 	C:\WINDOWS\System32\combase.dll
0x00007ffd017f0000 - 0x00007ffd018c7000 	C:\WINDOWS\System32\OLEAUT32.dll
0x00007ffce1960000 - 0x00007ffce1992000 	C:\WINDOWS\SYSTEM32\dbgcore.DLL
0x00007ffcff6f0000 - 0x00007ffcff769000 	C:\WINDOWS\System32\bcryptPrimitives.dll
0x00007ffcfa5d0000 - 0x00007ffcfa5de000 	c:\Users\HP\.vscode\extensions\redhat.java-1.29.0-win32-x64\jre\17.0.10-win32-x86_64\bin\instrument.dll
0x00007ffcdbd80000 - 0x00007ffcdbda5000 	c:\Users\HP\.vscode\extensions\redhat.java-1.29.0-win32-x64\jre\17.0.10-win32-x86_64\bin\java.dll
0x00007ffce0ac0000 - 0x00007ffce0ad8000 	c:\Users\HP\.vscode\extensions\redhat.java-1.29.0-win32-x64\jre\17.0.10-win32-x86_64\bin\zip.dll
0x00007ffd00c40000 - 0x00007ffd0149c000 	C:\WINDOWS\System32\SHELL32.dll
0x00007ffcfd670000 - 0x00007ffcfdf69000 	C:\WINDOWS\SYSTEM32\windows.storage.dll
0x00007ffcfd530000 - 0x00007ffcfd66e000 	C:\WINDOWS\SYSTEM32\wintypes.dll
0x00007ffd01e60000 - 0x00007ffd01f53000 	C:\WINDOWS\System32\SHCORE.dll
0x00007ffd00a70000 - 0x00007ffd00ace000 	C:\WINDOWS\System32\shlwapi.dll
0x00007ffcff620000 - 0x00007ffcff641000 	C:\WINDOWS\SYSTEM32\profapi.dll
0x00007ffcde0a0000 - 0x00007ffcde0b9000 	C:\Users\HP\.vscode\extensions\redhat.java-1.29.0-win32-x64\jre\17.0.10-win32-x86_64\bin\net.dll
0x00007ffcf9440000 - 0x00007ffcf9576000 	C:\WINDOWS\SYSTEM32\WINHTTP.dll
0x00007ffcfebb0000 - 0x00007ffcfec19000 	C:\WINDOWS\system32\mswsock.dll
0x00007ffcdbe80000 - 0x00007ffcdbe96000 	C:\Users\HP\.vscode\extensions\redhat.java-1.29.0-win32-x64\jre\17.0.10-win32-x86_64\bin\nio.dll
0x00007ffce6cb0000 - 0x00007ffce6cc0000 	c:\Users\HP\.vscode\extensions\redhat.java-1.29.0-win32-x64\jre\17.0.10-win32-x86_64\bin\verify.dll
0x00007ffcc34f0000 - 0x00007ffcc352e000 	C:\Users\HP\AppData\Roaming\Code\User\globalStorage\redhat.java\1.29.0\config_win\org.eclipse.equinox.launcher\org.eclipse.equinox.launcher.win32.win32.x86_64_1.2.900.v20240213-1244\eclipse_11900.dll
0x00007ffd018d0000 - 0x00007ffd01a75000 	C:\WINDOWS\System32\ole32.dll
0x00007ffcfee10000 - 0x00007ffcfee2b000 	C:\WINDOWS\SYSTEM32\CRYPTSP.dll
0x00007ffcfe6a0000 - 0x00007ffcfe6d5000 	C:\WINDOWS\system32\rsaenh.dll
0x00007ffcfeca0000 - 0x00007ffcfecc8000 	C:\WINDOWS\SYSTEM32\USERENV.dll
0x00007ffcfee00000 - 0x00007ffcfee0c000 	C:\WINDOWS\SYSTEM32\CRYPTBASE.dll
0x00007ffcfe210000 - 0x00007ffcfe23d000 	C:\WINDOWS\SYSTEM32\IPHLPAPI.DLL
0x00007ffd01720000 - 0x00007ffd01729000 	C:\WINDOWS\System32\NSI.dll
0x00007ffcf9060000 - 0x00007ffcf9079000 	C:\WINDOWS\SYSTEM32\dhcpcsvc6.DLL
0x00007ffcf9040000 - 0x00007ffcf905f000 	C:\WINDOWS\SYSTEM32\dhcpcsvc.DLL
0x00007ffcfe240000 - 0x00007ffcfe339000 	C:\WINDOWS\SYSTEM32\DNSAPI.dll
0x00007ffcc33f0000 - 0x00007ffcc3435000 	C:\Users\HP\AppData\Local\Temp\jna-2312\jna10161469625133812768.dll
0x00007ffd01f60000 - 0x00007ffd01f68000 	C:\WINDOWS\System32\PSAPI.DLL
0x00007ffcc3340000 - 0x00007ffcc3366000 	C:\Users\HP\.gradle\native\fdc75f09e3144964f2cf3f50f0aa648679c211496f362492102eb8c894070792\windows-amd64\native-platform.dll
0x00007ffc53100000 - 0x00007ffc53291000 	C:\Users\HP\.gradle\native\12488b8bf47d2d4c9fbf2f6322a914ad602e24e48041cd04a747c6da556b65c4\windows-amd64\native-platform-file-events.dll
0x00007ffce6bd0000 - 0x00007ffce6bd9000 	C:\Users\HP\.vscode\extensions\redhat.java-1.29.0-win32-x64\jre\17.0.10-win32-x86_64\bin\management.dll
0x00007ffce6b40000 - 0x00007ffce6b4b000 	C:\Users\HP\.vscode\extensions\redhat.java-1.29.0-win32-x64\jre\17.0.10-win32-x86_64\bin\management_ext.dll
0x00007ffcfcc40000 - 0x00007ffcfcc4d000 	C:\WINDOWS\SYSTEM32\WINNSI.DLL

dbghelp: loaded successfully - version: 4.0.5 - missing functions: none
symbol engine: initialized successfully - sym options: 0x614 - pdb path: .;c:\Users\HP\.vscode\extensions\redhat.java-1.29.0-win32-x64\jre\17.0.10-win32-x86_64\bin;C:\WINDOWS\SYSTEM32;C:\WINDOWS\WinSxS\amd64_microsoft.windows.common-controls_6595b64144ccf1df_6.0.22621.3235_none_270f74e173860f98;c:\Users\HP\.vscode\extensions\redhat.java-1.29.0-win32-x64\jre\17.0.10-win32-x86_64\bin\server;C:\Users\HP\AppData\Roaming\Code\User\globalStorage\redhat.java\1.29.0\config_win\org.eclipse.equinox.launcher\org.eclipse.equinox.launcher.win32.win32.x86_64_1.2.900.v20240213-1244;C:\Users\HP\AppData\Local\Temp\jna-2312;C:\Users\HP\.gradle\native\fdc75f09e3144964f2cf3f50f0aa648679c211496f362492102eb8c894070792\windows-amd64;C:\Users\HP\.gradle\native\12488b8bf47d2d4c9fbf2f6322a914ad602e24e48041cd04a747c6da556b65c4\windows-amd64

VM Arguments:
jvm_args: --add-modules=ALL-SYSTEM --add-opens=java.base/java.util=ALL-UNNAMED --add-opens=java.base/java.lang=ALL-UNNAMED --add-opens=java.base/sun.nio.fs=ALL-UNNAMED -Declipse.application=org.eclipse.jdt.ls.core.id1 -Dosgi.bundles.defaultStartLevel=4 -Declipse.product=org.eclipse.jdt.ls.core.product -Djava.import.generatesMetadataFilesAtProjectRoot=false -DDetectVMInstallationsJob.disabled=true -Dfile.encoding=utf8 -XX:+UseParallelGC -XX:GCTimeRatio=4 -XX:AdaptiveSizePolicyWeight=90 -Dsun.zip.disableMemoryMapping=true -Xmx1G -Xms100m -Xlog:disable -javaagent:c:\Users\HP\.vscode\extensions\redhat.java-1.29.0-win32-x64\lombok\lombok-1.18.32.jar -XX:+HeapDumpOnOutOfMemoryError -XX:HeapDumpPath=c:\Users\HP\AppData\Roaming\Code\User\workspaceStorage\bf1ef9b32526505f17ea9d297989188c\redhat.java -Daether.dependencyCollector.impl=bf 
java_command: c:\Users\HP\.vscode\extensions\redhat.java-1.29.0-win32-x64\server\plugins\org.eclipse.equinox.launcher_1.6.800.v20240304-1850.jar -configuration c:\Users\HP\AppData\Roaming\Code\User\globalStorage\redhat.java\1.29.0\config_win -data c:\Users\HP\AppData\Roaming\Code\User\workspaceStorage\bf1ef9b32526505f17ea9d297989188c\redhat.java\jdt_ws --stdio
java_class_path (initial): c:\Users\HP\.vscode\extensions\redhat.java-1.29.0-win32-x64\server\plugins\org.eclipse.equinox.launcher_1.6.800.v20240304-1850.jar
Launcher Type: SUN_STANDARD

[Global flags]
    uintx AdaptiveSizePolicyWeight                 = 90                                        {product} {command line}
     intx CICompilerCount                          = 4                                         {product} {ergonomic}
    uintx GCTimeRatio                              = 4                                         {product} {command line}
     bool HeapDumpOnOutOfMemoryError               = true                                   {manageable} {command line}
    ccstr HeapDumpPath                             = c:\Users\HP\AppData\Roaming\Code\User\workspaceStorage\bf1ef9b32526505f17ea9d297989188c\redhat.java         {manageable} {command line}
   size_t InitialHeapSize                          = 104857600                                 {product} {command line}
   size_t MaxHeapSize                              = 1073741824                                {product} {command line}
   size_t MaxNewSize                               = 357564416                                 {product} {ergonomic}
   size_t MinHeapDeltaBytes                        = 524288                                    {product} {ergonomic}
   size_t MinHeapSize                              = 104857600                                 {product} {command line}
   size_t NewSize                                  = 34603008                                  {product} {ergonomic}
    uintx NonNMethodCodeHeapSize                   = 5839372                                {pd product} {ergonomic}
    uintx NonProfiledCodeHeapSize                  = 122909434                              {pd product} {ergonomic}
   size_t OldSize                                  = 70254592                                  {product} {ergonomic}
    uintx ProfiledCodeHeapSize                     = 122909434                              {pd product} {ergonomic}
    uintx ReservedCodeCacheSize                    = 251658240                              {pd product} {ergonomic}
     bool SegmentedCodeCache                       = true                                      {product} {ergonomic}
   size_t SoftMaxHeapSize                          = 1073741824                             {manageable} {ergonomic}
     bool UseCompressedClassPointers               = true                           {product lp64_product} {ergonomic}
     bool UseCompressedOops                        = true                           {product lp64_product} {ergonomic}
     bool UseLargePagesIndividualAllocation        = false                                  {pd product} {ergonomic}
     bool UseParallelGC                            = true                                      {product} {command line}

Logging:
Log output configuration:
 #0: stdout all=off uptime,level,tags
 #1: stderr all=off uptime,level,tags

Environment Variables:
PATH=C:\Program Files\Eclipse Adoptium\jre-17.0.8.101-hotspot\bin;C:\Program Files\Common Files\Oracle\Java\javapath;C:\Program Files (x86)\Common Files\Oracle\Java\javapath;C:\ProgramData\Oracle\Java\javapath;C:\windows\system32;C:\windows;C:\windows\System32\Wbem;C:\windows\System32\WindowsPowerShell\v1.0\;C:\windows\System32\OpenSSH\;C:\Program Files (x86)\NVIDIA Corporation\PhysX\Common;C:\Program Files\NVIDIA Corporation\NVIDIA NvDLISR;C:\MinGW\bin;C:\Program Files\Git\cmd;C:\WINDOWS\system32;C:\WINDOWS;C:\WINDOWS\System32\Wbem;C:\WINDOWS\System32\WindowsPowerShell\v1.0\;C:\WINDOWS\System32\OpenSSH\;C:\Program Files\nodejs\;C:\Program Files\dotnet\;C:\Users\HP\AppData\Local\Programs\Python\Python312\Scripts\;C:\Users\HP\AppData\Local\Programs\Python\Python312\;C:\Users\HP\AppData\Local\Programs\Python\Python311\Scripts\;C:\Users\HP\AppData\Local\Programs\Python\Python311\;C:\Users\HP\AppData\Local\Microsoft\WindowsApps;C:\Users\HP\AppData\Local\Programs\Microsoft VS Code\bin;C:\MinGW\bin;C:\Users\HP\AppData\Roaming\npm;C:\Users\HP\AppData\Local\Programs\Python\Python311\Scripts;C:\Program Files\Python311;C:\Program Files\Python311\Scripts;C:\MAD\flutter\bin;C:\Program Files (x86)\Nmap
USERNAME=HP
OS=Windows_NT
PROCESSOR_IDENTIFIER=AMD64 Family 25 Model 80 Stepping 0, AuthenticAMD
TMP=C:\Users\HP\AppData\Local\Temp
TEMP=C:\Users\HP\AppData\Local\Temp



Periodic native trim disabled


---------------  S Y S T E M  ---------------

OS:
 Windows 11 , 64 bit Build 22621 (10.0.22621.3374)
OS uptime: 0 days 2:41 hours

CPU: total 12 (initial active 12) (12 cores per cpu, 2 threads per core) family 25 model 80 stepping 0 microcode 0x0, cx8, cmov, fxsr, ht, mmx, 3dnowpref, sse, sse2, sse3, ssse3, sse4a, sse4.1, sse4.2, popcnt, lzcnt, tsc, tscinvbit, avx, avx2, aes, erms, clmul, bmi1, bmi2, adx, sha, fma, vzeroupper, clflush, clflushopt
Processor Information for all 12 processors :
  Max Mhz: 3301, Current Mhz: 3301, Mhz Limit: 3301

Memory: 4k page, system-wide physical 7521M (240M free)
TotalPageFile size 31073M (AvailPageFile size 103M)
current process WorkingSet (physical memory assigned to process): 261M, peak: 270M
current process commit charge ("private bytes"): 330M, peak: 340M

vm_info: OpenJDK 64-Bit Server VM (17.0.10+7) for windows-amd64 JRE (17.0.10+7), built on Jan 16 2024 23:25:11 by "admin" with MS VC++ 16.10 / 16.11 (VS2019)

END.
