#
# There is insufficient memory for the Java Runtime Environment to continue.
# Native memory allocation (malloc) failed to allocate 2707776 bytes for Chunk::new
# Possible reasons:
#   The system is out of physical RAM or swap space
#   The process is running with CompressedOops enabled, and the Java Heap may be blocking the growth of the native heap
# Possible solutions:
#   Reduce memory load on the system
#   Increase physical memory or swap space
#   Check if swap backing store is full
#   Decrease Java heap size (-Xmx/-Xms)
#   Decrease number of Java threads
#   Decrease Java thread stack sizes (-Xss)
#   Set larger code cache with -XX:ReservedCodeCacheSize=
#   JVM is running with Unscaled Compressed Oops mode in which the Java heap is
#     placed in the first 4GB address space. The Java Heap base address is the
#     maximum limit for the native heap growth. Please use -XX:HeapBaseMinAddress
#     to set the Java Heap base and to place the Java Heap above 4GB virtual address.
# This output file may be truncated or incomplete.
#
#  Out of Memory Error (arena.cpp:191), pid=20820, tid=25352
#
# JRE version: OpenJDK Runtime Environment Temurin-17.0.10+7 (17.0.10+7) (build 17.0.10+7)
# Java VM: OpenJDK 64-Bit Server VM Temurin-17.0.10+7 (17.0.10+7, mixed mode, tiered, compressed oops, compressed class ptrs, parallel gc, windows-amd64)
# No core dump will be written. Minidumps are not enabled by default on client versions of Windows
#

---------------  S U M M A R Y ------------

Command Line: --add-modules=ALL-SYSTEM --add-opens=java.base/java.util=ALL-UNNAMED --add-opens=java.base/java.lang=ALL-UNNAMED --add-opens=java.base/sun.nio.fs=ALL-UNNAMED -Declipse.application=org.eclipse.jdt.ls.core.id1 -Dosgi.bundles.defaultStartLevel=4 -Declipse.product=org.eclipse.jdt.ls.core.product -Djava.import.generatesMetadataFilesAtProjectRoot=false -DDetectVMInstallationsJob.disabled=true -Dfile.encoding=utf8 -XX:+UseParallelGC -XX:GCTimeRatio=4 -XX:AdaptiveSizePolicyWeight=90 -Dsun.zip.disableMemoryMapping=true -Xmx1G -Xms100m -Xlog:disable -javaagent:c:\Users\HP\.vscode\extensions\redhat.java-1.29.0-win32-x64\lombok\lombok-1.18.32.jar c:\Users\HP\.vscode\extensions\redhat.java-1.29.0-win32-x64\server\plugins\org.eclipse.equinox.launcher_1.6.800.v20240304-1850.jar -configuration c:\Users\HP\AppData\Roaming\Code\User\globalStorage\redhat.java\1.29.0\config_ss_win -data c:\Users\HP\AppData\Roaming\Code\User\workspaceStorage\bf1ef9b32526505f17ea9d297989188c\redhat.java\ss_ws --stdio

Host: AMD Ryzen 5 5600H with Radeon Graphics         , 12 cores, 7G,  Windows 11 , 64 bit Build 22621 (10.0.22621.3374)
Time: Thu Apr  4 22:51:19 2024 India Standard Time elapsed time: 2.039173 seconds (0d 0h 0m 2s)

---------------  T H R E A D  ---------------

Current thread (0x0000022d6c3ef640):  JavaThread "C2 CompilerThread0" daemon [_thread_in_native, id=25352, stack(0x000000bfc4300000,0x000000bfc4400000)]


Current CompileTask:
C2:   2039 2310       4       org.lombokweb.asm.ClassReader::readMethod (1066 bytes)

Stack: [0x000000bfc4300000,0x000000bfc4400000]
Native frames: (J=compiled Java code, j=interpreted, Vv=VM code, C=native code)
V  [jvm.dll+0x67d2c9]
V  [jvm.dll+0x834afa]
V  [jvm.dll+0x8365be]
V  [jvm.dll+0x836c23]
V  [jvm.dll+0x2477ff]
V  [jvm.dll+0xac514]
V  [jvm.dll+0xacb5c]
V  [jvm.dll+0x3667d7]
V  [jvm.dll+0x1bcf72]
V  [jvm.dll+0x21a049]
V  [jvm.dll+0x219311]
V  [jvm.dll+0x1a502d]
V  [jvm.dll+0x2290de]
V  [jvm.dll+0x2272ac]
V  [jvm.dll+0x7e9bb7]
V  [jvm.dll+0x7e3fba]
V  [jvm.dll+0x67c1b5]
C  [ucrtbase.dll+0x29333]
C  [KERNEL32.DLL+0x1257d]
C  [ntdll.dll+0x5aa48]


---------------  P R O C E S S  ---------------

Threads class SMR info:
_java_thread_list=0x0000022d6f22de50, length=22, elements={
0x0000022d5343e940, 0x0000022d672c3010, 0x0000022d672c3e90, 0x0000022d672cc670,
0x0000022d672cd4f0, 0x0000022d6c3e4e00, 0x0000022d6c3e6ee0, 0x0000022d6c3ef640,
0x0000022d6c3f0ca0, 0x0000022d6c3f1e80, 0x0000022d5349f540, 0x0000022d6c729860,
0x0000022d6e0a9d90, 0x0000022d6de466a0, 0x0000022d6e613e90, 0x0000022d6e03f030,
0x0000022d6e6a15b0, 0x0000022d6e72d8c0, 0x0000022d6e78bd40, 0x0000022d6e78c250,
0x0000022d6e7899d0, 0x0000022d6e78c760
}

Java Threads: ( => current thread )
  0x0000022d5343e940 JavaThread "main" [_thread_blocked, id=20812, stack(0x000000bfc3a00000,0x000000bfc3b00000)]
  0x0000022d672c3010 JavaThread "Reference Handler" daemon [_thread_blocked, id=25204, stack(0x000000bfc3d00000,0x000000bfc3e00000)]
  0x0000022d672c3e90 JavaThread "Finalizer" daemon [_thread_blocked, id=2828, stack(0x000000bfc3e00000,0x000000bfc3f00000)]
  0x0000022d672cc670 JavaThread "Signal Dispatcher" daemon [_thread_blocked, id=24696, stack(0x000000bfc3f00000,0x000000bfc4000000)]
  0x0000022d672cd4f0 JavaThread "Attach Listener" daemon [_thread_blocked, id=12324, stack(0x000000bfc4000000,0x000000bfc4100000)]
  0x0000022d6c3e4e00 JavaThread "Service Thread" daemon [_thread_blocked, id=12648, stack(0x000000bfc4100000,0x000000bfc4200000)]
  0x0000022d6c3e6ee0 JavaThread "Monitor Deflation Thread" daemon [_thread_blocked, id=25368, stack(0x000000bfc4200000,0x000000bfc4300000)]
=>0x0000022d6c3ef640 JavaThread "C2 CompilerThread0" daemon [_thread_in_native, id=25352, stack(0x000000bfc4300000,0x000000bfc4400000)]
  0x0000022d6c3f0ca0 JavaThread "C1 CompilerThread0" daemon [_thread_blocked, id=25388, stack(0x000000bfc4400000,0x000000bfc4500000)]
  0x0000022d6c3f1e80 JavaThread "Sweeper thread" daemon [_thread_blocked, id=25344, stack(0x000000bfc4500000,0x000000bfc4600000)]
  0x0000022d5349f540 JavaThread "Common-Cleaner" daemon [_thread_blocked, id=23380, stack(0x000000bfc4600000,0x000000bfc4700000)]
  0x0000022d6c729860 JavaThread "Notification Thread" daemon [_thread_blocked, id=17084, stack(0x000000bfc4700000,0x000000bfc4800000)]
  0x0000022d6e0a9d90 JavaThread "Active Thread: Equinox Container: 0e36186c-f28c-46fd-a5f7-6a22d020e4c5" [_thread_blocked, id=25076, stack(0x000000bfc4f00000,0x000000bfc5000000)]
  0x0000022d6de466a0 JavaThread "C2 CompilerThread1" daemon [_thread_blocked, id=25164, stack(0x000000bfc5000000,0x000000bfc5100000)]
  0x0000022d6e613e90 JavaThread "Framework Event Dispatcher: Equinox Container: 0e36186c-f28c-46fd-a5f7-6a22d020e4c5" daemon [_thread_blocked, id=21708, stack(0x000000bfc5100000,0x000000bfc5200000)]
  0x0000022d6e03f030 JavaThread "Start Level: Equinox Container: 0e36186c-f28c-46fd-a5f7-6a22d020e4c5" daemon [_thread_blocked, id=4568, stack(0x000000bfc5200000,0x000000bfc5300000)]
  0x0000022d6e6a15b0 JavaThread "SCR Component Actor" daemon [_thread_blocked, id=3680, stack(0x000000bfc5300000,0x000000bfc5400000)]
  0x0000022d6e72d8c0 JavaThread "SCR Component Registry" daemon [_thread_blocked, id=23964, stack(0x000000bfc5500000,0x000000bfc5600000)]
  0x0000022d6e78bd40 JavaThread "Worker-JM" [_thread_blocked, id=23236, stack(0x000000bfc5600000,0x000000bfc5700000)]
  0x0000022d6e78c250 JavaThread "Worker-0" [_thread_blocked, id=6784, stack(0x000000bfc5900000,0x000000bfc5a00000)]
  0x0000022d6e7899d0 JavaThread "Worker-1" [_thread_blocked, id=3736, stack(0x000000bfc5a00000,0x000000bfc5b00000)]
  0x0000022d6e78c760 JavaThread "Java indexing" daemon [_thread_blocked, id=3936, stack(0x000000bfc5b00000,0x000000bfc5c00000)]

Other Threads:
  0x0000022d534e88d0 VMThread "VM Thread" [stack: 0x000000bfc3c00000,0x000000bfc3d00000] [id=5848]
  0x0000022d6c6b9360 WatcherThread [stack: 0x000000bfc4800000,0x000000bfc4900000] [id=7956]
  0x0000022d53452480 GCTaskThread "GC Thread#0" [stack: 0x000000bfc3b00000,0x000000bfc3c00000] [id=11108]
  0x0000022d6e34e560 GCTaskThread "GC Thread#1" [stack: 0x000000bfc4900000,0x000000bfc4a00000] [id=16504]
  0x0000022d6de1e040 GCTaskThread "GC Thread#2" [stack: 0x000000bfc4a00000,0x000000bfc4b00000] [id=25128]
  0x0000022d6de1e300 GCTaskThread "GC Thread#3" [stack: 0x000000bfc4b00000,0x000000bfc4c00000] [id=15740]
  0x0000022d6de1e5c0 GCTaskThread "GC Thread#4" [stack: 0x000000bfc4c00000,0x000000bfc4d00000] [id=13200]
  0x0000022d6dd68830 GCTaskThread "GC Thread#5" [stack: 0x000000bfc4d00000,0x000000bfc4e00000] [id=24984]
  0x0000022d6dd68af0 GCTaskThread "GC Thread#6" [stack: 0x000000bfc4e00000,0x000000bfc4f00000] [id=24960]
  0x0000022d6dec7910 GCTaskThread "GC Thread#7" [stack: 0x000000bfc5400000,0x000000bfc5500000] [id=10828]
  0x0000022d6e7979c0 GCTaskThread "GC Thread#8" [stack: 0x000000bfc5700000,0x000000bfc5800000] [id=23240]
  0x0000022d6e8e1660 GCTaskThread "GC Thread#9" [stack: 0x000000bfc5800000,0x000000bfc5900000] [id=12696]

Threads with active compile tasks:
C2 CompilerThread0     2050 2310       4       org.lombokweb.asm.ClassReader::readMethod (1066 bytes)

VM state: not at safepoint (normal execution)

VM Mutex/Monitor currently owned by a thread: None

Heap address: 0x00000000c0000000, size: 1024 MB, Compressed Oops mode: 32-bit

CDS archive(s) not mapped
Compressed class space mapped at: 0x0000000100000000-0x0000000140000000, reserved size: 1073741824
Narrow klass base: 0x0000000000000000, Narrow klass shift: 3, Narrow klass range: 0x140000000

GC Precious Log:
 CPUs: 12 total, 12 available
 Memory: 7521M
 Large Page Support: Disabled
 NUMA Support: Disabled
 Compressed Oops: Enabled (32-bit)
 Alignments: Space 512K, Generation 512K, Heap 2M
 Heap Min Capacity: 100M
 Heap Initial Capacity: 100M
 Heap Max Capacity: 1G
 Pre-touch: Disabled
 Parallel Workers: 10

Heap:
 PSYoungGen      total 26624K, used 18225K [0x00000000eab00000, 0x00000000ec800000, 0x0000000100000000)
  eden space 24576K, 66% used [0x00000000eab00000,0x00000000ebade6a8,0x00000000ec300000)
  from space 2048K, 96% used [0x00000000ec600000,0x00000000ec7edf78,0x00000000ec800000)
  to   space 2560K, 0% used [0x00000000ec300000,0x00000000ec300000,0x00000000ec580000)
 ParOldGen       total 68608K, used 7525K [0x00000000c0000000, 0x00000000c4300000, 0x00000000eab00000)
  object space 68608K, 10% used [0x00000000c0000000,0x00000000c0759408,0x00000000c4300000)
 Metaspace       used 28828K, committed 29376K, reserved 1114112K
  class space    used 2775K, committed 3008K, reserved 1048576K

Card table byte_map: [0x0000022d52dd0000,0x0000022d52fe0000] _byte_map_base: 0x0000022d527d0000

Marking Bits: (ParMarkBitMap*) 0x00007ffc69c7d7d0
 Begin Bits: [0x0000022d650d0000, 0x0000022d660d0000)
 End Bits:   [0x0000022d660d0000, 0x0000022d670d0000)

Polling page: 0x0000022d513a0000

Metaspace:

Usage:
  Non-class:     25.44 MB used.
      Class:      2.71 MB used.
       Both:     28.15 MB used.

Virtual space:
  Non-class space:       64.00 MB reserved,      25.75 MB ( 40%) committed,  1 nodes.
      Class space:        1.00 GB reserved,       2.94 MB ( <1%) committed,  1 nodes.
             Both:        1.06 GB reserved,      28.69 MB (  3%) committed. 

Chunk freelists:
   Non-Class:  5.86 MB
       Class:  13.09 MB
        Both:  18.95 MB

MaxMetaspaceSize: unlimited
CompressedClassSpaceSize: 1.00 GB
Initial GC threshold: 21.00 MB
Current GC threshold: 35.00 MB
CDS: off
MetaspaceReclaimPolicy: balanced
 - commit_granule_bytes: 65536.
 - commit_granule_words: 8192.
 - virtual_space_node_default_size: 8388608.
 - enlarge_chunks_in_place: 1.
 - new_chunks_are_fully_committed: 0.
 - uncommit_free_chunks: 1.
 - use_allocation_guard: 0.
 - handle_deallocations: 1.


Internal statistics:

num_allocs_failed_limit: 3.
num_arena_births: 290.
num_arena_deaths: 14.
num_vsnodes_births: 2.
num_vsnodes_deaths: 0.
num_space_committed: 459.
num_space_uncommitted: 0.
num_chunks_returned_to_freelist: 17.
num_chunks_taken_from_freelist: 1060.
num_chunk_merges: 5.
num_chunk_splits: 706.
num_chunks_enlarged: 500.
num_inconsistent_stats: 0.

CodeHeap 'non-profiled nmethods': size=120000Kb used=1017Kb max_used=1017Kb free=118982Kb
 bounds [0x0000022d5dba0000, 0x0000022d5de10000, 0x0000022d650d0000]
CodeHeap 'profiled nmethods': size=120000Kb used=5144Kb max_used=5144Kb free=114856Kb
 bounds [0x0000022d560d0000, 0x0000022d565e0000, 0x0000022d5d600000]
CodeHeap 'non-nmethods': size=5760Kb used=1241Kb max_used=1259Kb free=4518Kb
 bounds [0x0000022d5d600000, 0x0000022d5d870000, 0x0000022d5dba0000]
 total_blobs=3094 nmethods=2541 adapters=467
 compilation: enabled
              stopped_count=0, restarted_count=0
 full_count=0

Compilation events (20 events):
Event: 1.983 Thread 0x0000022d6c3f0ca0 nmethod 2537 0x0000022d565d3d10 code [0x0000022d565d3ee0, 0x0000022d565d42c8]
Event: 1.985 Thread 0x0000022d6de466a0 nmethod 2421 0x0000022d5dc98710 code [0x0000022d5dc98900, 0x0000022d5dc99420]
Event: 1.985 Thread 0x0000022d6de466a0 2539       4       java.util.HashMap::putVal (300 bytes)
Event: 1.986 Thread 0x0000022d6c3f0ca0 2540       3       java.util.TreeMap::leftOf (13 bytes)
Event: 1.986 Thread 0x0000022d6c3f0ca0 nmethod 2540 0x0000022d565d4410 code [0x0000022d565d45a0, 0x0000022d565d4718]
Event: 1.986 Thread 0x0000022d6c3f0ca0 2542       3       java.lang.Character::toUpperCase (9 bytes)
Event: 1.986 Thread 0x0000022d6c3f0ca0 nmethod 2542 0x0000022d565d4810 code [0x0000022d565d49c0, 0x0000022d565d4bb8]
Event: 1.986 Thread 0x0000022d6c3f0ca0 2541       3       java.lang.Character::toUpperCase (6 bytes)
Event: 1.986 Thread 0x0000022d6c3f0ca0 nmethod 2541 0x0000022d565d4c90 code [0x0000022d565d4e40, 0x0000022d565d5098]
Event: 1.986 Thread 0x0000022d6c3f0ca0 2543       3       java.util.TreeMap::setColor (10 bytes)
Event: 1.986 Thread 0x0000022d6c3f0ca0 nmethod 2543 0x0000022d565d5190 code [0x0000022d565d5320, 0x0000022d565d5458]
Event: 1.988 Thread 0x0000022d6c3f0ca0 2544       3       java.lang.AbstractStringBuilder::append (77 bytes)
Event: 1.988 Thread 0x0000022d6c3f0ca0 nmethod 2544 0x0000022d565d5510 code [0x0000022d565d5720, 0x0000022d565d5da8]
Event: 1.992 Thread 0x0000022d6de466a0 nmethod 2539 0x0000022d5dc9a090 code [0x0000022d5dc9a280, 0x0000022d5dc9aa00]
Event: 1.992 Thread 0x0000022d6de466a0 2536   !   4       java.util.concurrent.ConcurrentHashMap::putVal (433 bytes)
Event: 2.003 Thread 0x0000022d6de466a0 nmethod 2536 0x0000022d5dc9b090 code [0x0000022d5dc9b2a0, 0x0000022d5dc9c1b0]
Event: 2.003 Thread 0x0000022d6de466a0 2538       4       java.util.HashMap::afterNodeRemoval (1 bytes)
Event: 2.003 Thread 0x0000022d6de466a0 nmethod 2538 0x0000022d5dc9ce10 code [0x0000022d5dc9cf80, 0x0000022d5dc9cff8]
Event: 2.004 Thread 0x0000022d6de466a0 2525 % !   4       java.util.concurrent.ConcurrentHashMap::transfer @ 96 (850 bytes)
Event: 2.012 Thread 0x0000022d6de466a0 nmethod 2525% 0x0000022d5dc9d110 code [0x0000022d5dc9d2c0, 0x0000022d5dc9df28]

GC Heap History (14 events):
Event: 0.798 GC heap before
{Heap before GC invocations=1 (full 0):
 PSYoungGen      total 29696K, used 25600K [0x00000000eab00000, 0x00000000ecc00000, 0x0000000100000000)
  eden space 25600K, 100% used [0x00000000eab00000,0x00000000ec400000,0x00000000ec400000)
  from space 4096K, 0% used [0x00000000ec800000,0x00000000ec800000,0x00000000ecc00000)
  to   space 4096K, 0% used [0x00000000ec400000,0x00000000ec400000,0x00000000ec800000)
 ParOldGen       total 68608K, used 0K [0x00000000c0000000, 0x00000000c4300000, 0x00000000eab00000)
  object space 68608K, 0% used [0x00000000c0000000,0x00000000c0000000,0x00000000c4300000)
 Metaspace       used 11003K, committed 11200K, reserved 1114112K
  class space    used 1098K, committed 1216K, reserved 1048576K
}
Event: 0.804 GC heap after
{Heap after GC invocations=1 (full 0):
 PSYoungGen      total 29696K, used 3156K [0x00000000eab00000, 0x00000000ecc00000, 0x0000000100000000)
  eden space 25600K, 0% used [0x00000000eab00000,0x00000000eab00000,0x00000000ec400000)
  from space 4096K, 77% used [0x00000000ec400000,0x00000000ec715278,0x00000000ec800000)
  to   space 4096K, 0% used [0x00000000ec800000,0x00000000ec800000,0x00000000ecc00000)
 ParOldGen       total 68608K, used 16K [0x00000000c0000000, 0x00000000c4300000, 0x00000000eab00000)
  object space 68608K, 0% used [0x00000000c0000000,0x00000000c0004000,0x00000000c4300000)
 Metaspace       used 11003K, committed 11200K, reserved 1114112K
  class space    used 1098K, committed 1216K, reserved 1048576K
}
Event: 1.208 GC heap before
{Heap before GC invocations=2 (full 0):
 PSYoungGen      total 29696K, used 28756K [0x00000000eab00000, 0x00000000ecc00000, 0x0000000100000000)
  eden space 25600K, 100% used [0x00000000eab00000,0x00000000ec400000,0x00000000ec400000)
  from space 4096K, 77% used [0x00000000ec400000,0x00000000ec715278,0x00000000ec800000)
  to   space 4096K, 0% used [0x00000000ec800000,0x00000000ec800000,0x00000000ecc00000)
 ParOldGen       total 68608K, used 16K [0x00000000c0000000, 0x00000000c4300000, 0x00000000eab00000)
  object space 68608K, 0% used [0x00000000c0000000,0x00000000c0004000,0x00000000c4300000)
 Metaspace       used 14787K, committed 15104K, reserved 1114112K
  class space    used 1497K, committed 1664K, reserved 1048576K
}
Event: 1.213 GC heap after
{Heap after GC invocations=2 (full 0):
 PSYoungGen      total 29696K, used 4074K [0x00000000eab00000, 0x00000000ecc00000, 0x0000000100000000)
  eden space 25600K, 0% used [0x00000000eab00000,0x00000000eab00000,0x00000000ec400000)
  from space 4096K, 99% used [0x00000000ec800000,0x00000000ecbfaab8,0x00000000ecc00000)
  to   space 4096K, 0% used [0x00000000ec400000,0x00000000ec400000,0x00000000ec800000)
 ParOldGen       total 68608K, used 744K [0x00000000c0000000, 0x00000000c4300000, 0x00000000eab00000)
  object space 68608K, 1% used [0x00000000c0000000,0x00000000c00ba030,0x00000000c4300000)
 Metaspace       used 14787K, committed 15104K, reserved 1114112K
  class space    used 1497K, committed 1664K, reserved 1048576K
}
Event: 1.460 GC heap before
{Heap before GC invocations=3 (full 0):
 PSYoungGen      total 29696K, used 29674K [0x00000000eab00000, 0x00000000ecc00000, 0x0000000100000000)
  eden space 25600K, 100% used [0x00000000eab00000,0x00000000ec400000,0x00000000ec400000)
  from space 4096K, 99% used [0x00000000ec800000,0x00000000ecbfaab8,0x00000000ecc00000)
  to   space 4096K, 0% used [0x00000000ec400000,0x00000000ec400000,0x00000000ec800000)
 ParOldGen       total 68608K, used 744K [0x00000000c0000000, 0x00000000c4300000, 0x00000000eab00000)
  object space 68608K, 1% used [0x00000000c0000000,0x00000000c00ba030,0x00000000c4300000)
 Metaspace       used 19779K, committed 20096K, reserved 1114112K
  class space    used 2023K, committed 2176K, reserved 1048576K
}
Event: 1.463 GC heap after
{Heap after GC invocations=3 (full 0):
 PSYoungGen      total 29696K, used 4073K [0x00000000eab00000, 0x00000000ecc00000, 0x0000000100000000)
  eden space 25600K, 0% used [0x00000000eab00000,0x00000000eab00000,0x00000000ec400000)
  from space 4096K, 99% used [0x00000000ec400000,0x00000000ec7fa778,0x00000000ec800000)
  to   space 4096K, 0% used [0x00000000ec800000,0x00000000ec800000,0x00000000ecc00000)
 ParOldGen       total 68608K, used 2474K [0x00000000c0000000, 0x00000000c4300000, 0x00000000eab00000)
  object space 68608K, 3% used [0x00000000c0000000,0x00000000c026aa20,0x00000000c4300000)
 Metaspace       used 19779K, committed 20096K, reserved 1114112K
  class space    used 2023K, committed 2176K, reserved 1048576K
}
Event: 1.532 GC heap before
{Heap before GC invocations=4 (full 0):
 PSYoungGen      total 29696K, used 11348K [0x00000000eab00000, 0x00000000ecc00000, 0x0000000100000000)
  eden space 25600K, 28% used [0x00000000eab00000,0x00000000eb21aa80,0x00000000ec400000)
  from space 4096K, 99% used [0x00000000ec400000,0x00000000ec7fa778,0x00000000ec800000)
  to   space 4096K, 0% used [0x00000000ec800000,0x00000000ec800000,0x00000000ecc00000)
 ParOldGen       total 68608K, used 2474K [0x00000000c0000000, 0x00000000c4300000, 0x00000000eab00000)
  object space 68608K, 3% used [0x00000000c0000000,0x00000000c026aa20,0x00000000c4300000)
 Metaspace       used 21068K, committed 21504K, reserved 1114112K
  class space    used 2154K, committed 2368K, reserved 1048576K
}
Event: 1.534 GC heap after
{Heap after GC invocations=4 (full 0):
 PSYoungGen      total 29696K, used 4064K [0x00000000eab00000, 0x00000000ecc00000, 0x0000000100000000)
  eden space 25600K, 0% used [0x00000000eab00000,0x00000000eab00000,0x00000000ec400000)
  from space 4096K, 99% used [0x00000000ec800000,0x00000000ecbf8320,0x00000000ecc00000)
  to   space 4096K, 0% used [0x00000000ec400000,0x00000000ec400000,0x00000000ec800000)
 ParOldGen       total 68608K, used 2830K [0x00000000c0000000, 0x00000000c4300000, 0x00000000eab00000)
  object space 68608K, 4% used [0x00000000c0000000,0x00000000c02c3a30,0x00000000c4300000)
 Metaspace       used 21068K, committed 21504K, reserved 1114112K
  class space    used 2154K, committed 2368K, reserved 1048576K
}
Event: 1.534 GC heap before
{Heap before GC invocations=5 (full 1):
 PSYoungGen      total 29696K, used 4064K [0x00000000eab00000, 0x00000000ecc00000, 0x0000000100000000)
  eden space 25600K, 0% used [0x00000000eab00000,0x00000000eab00000,0x00000000ec400000)
  from space 4096K, 99% used [0x00000000ec800000,0x00000000ecbf8320,0x00000000ecc00000)
  to   space 4096K, 0% used [0x00000000ec400000,0x00000000ec400000,0x00000000ec800000)
 ParOldGen       total 68608K, used 2830K [0x00000000c0000000, 0x00000000c4300000, 0x00000000eab00000)
  object space 68608K, 4% used [0x00000000c0000000,0x00000000c02c3a30,0x00000000c4300000)
 Metaspace       used 21068K, committed 21504K, reserved 1114112K
  class space    used 2154K, committed 2368K, reserved 1048576K
}
Event: 1.547 GC heap after
{Heap after GC invocations=5 (full 1):
 PSYoungGen      total 29696K, used 0K [0x00000000eab00000, 0x00000000ecc00000, 0x0000000100000000)
  eden space 25600K, 0% used [0x00000000eab00000,0x00000000eab00000,0x00000000ec400000)
  from space 4096K, 0% used [0x00000000ec800000,0x00000000ec800000,0x00000000ecc00000)
  to   space 4096K, 0% used [0x00000000ec400000,0x00000000ec400000,0x00000000ec800000)
 ParOldGen       total 68608K, used 6727K [0x00000000c0000000, 0x00000000c4300000, 0x00000000eab00000)
  object space 68608K, 9% used [0x00000000c0000000,0x00000000c0691ef8,0x00000000c4300000)
 Metaspace       used 21054K, committed 21504K, reserved 1114112K
  class space    used 2151K, committed 2368K, reserved 1048576K
}
Event: 1.700 GC heap before
{Heap before GC invocations=6 (full 1):
 PSYoungGen      total 29696K, used 25600K [0x00000000eab00000, 0x00000000ecc00000, 0x0000000100000000)
  eden space 25600K, 100% used [0x00000000eab00000,0x00000000ec400000,0x00000000ec400000)
  from space 4096K, 0% used [0x00000000ec800000,0x00000000ec800000,0x00000000ecc00000)
  to   space 4096K, 0% used [0x00000000ec400000,0x00000000ec400000,0x00000000ec800000)
 ParOldGen       total 68608K, used 6727K [0x00000000c0000000, 0x00000000c4300000, 0x00000000eab00000)
  object space 68608K, 9% used [0x00000000c0000000,0x00000000c0691ef8,0x00000000c4300000)
 Metaspace       used 24148K, committed 24640K, reserved 1114112K
  class space    used 2388K, committed 2624K, reserved 1048576K
}
Event: 1.701 GC heap after
{Heap after GC invocations=6 (full 1):
 PSYoungGen      total 26112K, used 732K [0x00000000eab00000, 0x00000000ec880000, 0x0000000100000000)
  eden space 25088K, 0% used [0x00000000eab00000,0x00000000eab00000,0x00000000ec380000)
  from space 1024K, 71% used [0x00000000ec400000,0x00000000ec4b71d8,0x00000000ec500000)
  to   space 2560K, 0% used [0x00000000ec600000,0x00000000ec600000,0x00000000ec880000)
 ParOldGen       total 68608K, used 6735K [0x00000000c0000000, 0x00000000c4300000, 0x00000000eab00000)
  object space 68608K, 9% used [0x00000000c0000000,0x00000000c0693ef8,0x00000000c4300000)
 Metaspace       used 24148K, committed 24640K, reserved 1114112K
  class space    used 2388K, committed 2624K, reserved 1048576K
}
Event: 1.838 GC heap before
{Heap before GC invocations=7 (full 1):
 PSYoungGen      total 26112K, used 25820K [0x00000000eab00000, 0x00000000ec880000, 0x0000000100000000)
  eden space 25088K, 100% used [0x00000000eab00000,0x00000000ec380000,0x00000000ec380000)
  from space 1024K, 71% used [0x00000000ec400000,0x00000000ec4b71d8,0x00000000ec500000)
  to   space 2560K, 0% used [0x00000000ec600000,0x00000000ec600000,0x00000000ec880000)
 ParOldGen       total 68608K, used 6735K [0x00000000c0000000, 0x00000000c4300000, 0x00000000eab00000)
  object space 68608K, 9% used [0x00000000c0000000,0x00000000c0693ef8,0x00000000c4300000)
 Metaspace       used 27127K, committed 27648K, reserved 1114112K
  class space    used 2620K, committed 2880K, reserved 1048576K
}
Event: 1.839 GC heap after
{Heap after GC invocations=7 (full 1):
 PSYoungGen      total 26624K, used 1975K [0x00000000eab00000, 0x00000000ec800000, 0x0000000100000000)
  eden space 24576K, 0% used [0x00000000eab00000,0x00000000eab00000,0x00000000ec300000)
  from space 2048K, 96% used [0x00000000ec600000,0x00000000ec7edf78,0x00000000ec800000)
  to   space 2560K, 0% used [0x00000000ec300000,0x00000000ec300000,0x00000000ec580000)
 ParOldGen       total 68608K, used 7525K [0x00000000c0000000, 0x00000000c4300000, 0x00000000eab00000)
  object space 68608K, 10% used [0x00000000c0000000,0x00000000c0759408,0x00000000c4300000)
 Metaspace       used 27127K, committed 27648K, reserved 1114112K
  class space    used 2620K, committed 2880K, reserved 1048576K
}

Dll operation events (9 events):
Event: 0.009 Loaded shared library c:\Users\HP\.vscode\extensions\redhat.java-1.29.0-win32-x64\jre\17.0.10-win32-x86_64\bin\java.dll
Event: 0.142 Loaded shared library c:\Users\HP\.vscode\extensions\redhat.java-1.29.0-win32-x64\jre\17.0.10-win32-x86_64\bin\zip.dll
Event: 0.145 Loaded shared library C:\Users\HP\.vscode\extensions\redhat.java-1.29.0-win32-x64\jre\17.0.10-win32-x86_64\bin\instrument.dll
Event: 0.156 Loaded shared library C:\Users\HP\.vscode\extensions\redhat.java-1.29.0-win32-x64\jre\17.0.10-win32-x86_64\bin\net.dll
Event: 0.158 Loaded shared library C:\Users\HP\.vscode\extensions\redhat.java-1.29.0-win32-x64\jre\17.0.10-win32-x86_64\bin\nio.dll
Event: 0.164 Loaded shared library C:\Users\HP\.vscode\extensions\redhat.java-1.29.0-win32-x64\jre\17.0.10-win32-x86_64\bin\zip.dll
Event: 0.179 Loaded shared library C:\Users\HP\.vscode\extensions\redhat.java-1.29.0-win32-x64\jre\17.0.10-win32-x86_64\bin\jimage.dll
Event: 0.267 Loaded shared library c:\Users\HP\.vscode\extensions\redhat.java-1.29.0-win32-x64\jre\17.0.10-win32-x86_64\bin\verify.dll
Event: 1.153 Loaded shared library C:\Users\HP\AppData\Roaming\Code\User\globalStorage\redhat.java\1.29.0\config_ss_win\org.eclipse.equinox.launcher\org.eclipse.equinox.launcher.win32.win32.x86_64_1.2.900.v20240213-1244\eclipse_11900.dll

Deoptimization events (20 events):
Event: 1.939 Thread 0x0000022d6e03f030 Uncommon trap: trap_request=0xffffff76 fr.pc=0x0000022d5dc53090 relative=0x0000000000000d90
Event: 1.939 Thread 0x0000022d6e03f030 Uncommon trap: reason=predicate action=maybe_recompile pc=0x0000022d5dc53090 method=java.util.Properties$LineReader.readLine()I @ 53 c2
Event: 1.939 Thread 0x0000022d6e03f030 DEOPT PACKING pc=0x0000022d5dc53090 sp=0x000000bfc52f8f70
Event: 1.939 Thread 0x0000022d6e03f030 DEOPT UNPACKING pc=0x0000022d5d6566a3 sp=0x000000bfc52f8f28 mode 2
Event: 1.983 Thread 0x0000022d6e03f030 Uncommon trap: trap_request=0xffffff45 fr.pc=0x0000022d5dbba274 relative=0x0000000000000354
Event: 1.983 Thread 0x0000022d6e03f030 Uncommon trap: reason=unstable_if action=reinterpret pc=0x0000022d5dbba274 method=java.lang.StringLatin1.canEncode(I)Z @ 4 c2
Event: 1.983 Thread 0x0000022d6e03f030 DEOPT PACKING pc=0x0000022d5dbba274 sp=0x000000bfc52fe720
Event: 1.983 Thread 0x0000022d6e03f030 DEOPT UNPACKING pc=0x0000022d5d6566a3 sp=0x000000bfc52fe648 mode 2
Event: 1.983 Thread 0x0000022d6e03f030 Uncommon trap: trap_request=0xffffff45 fr.pc=0x0000022d5dbf4520 relative=0x0000000000000300
Event: 1.983 Thread 0x0000022d6e03f030 Uncommon trap: reason=unstable_if action=reinterpret pc=0x0000022d5dbf4520 method=java.lang.AbstractStringBuilder.isLatin1()Z @ 10 c2
Event: 1.983 Thread 0x0000022d6e03f030 DEOPT PACKING pc=0x0000022d5dbf4520 sp=0x000000bfc52fe730
Event: 1.983 Thread 0x0000022d6e03f030 DEOPT UNPACKING pc=0x0000022d5d6566a3 sp=0x000000bfc52fe6c0 mode 2
Event: 1.985 Thread 0x0000022d6e03f030 Uncommon trap: trap_request=0xffffffc6 fr.pc=0x0000022d5dc1b588 relative=0x0000000000000948
Event: 1.985 Thread 0x0000022d6e03f030 Uncommon trap: reason=bimorphic_or_optimized_type_check action=maybe_recompile pc=0x0000022d5dc1b588 method=java.util.HashMap.putVal(ILjava/lang/Object;Ljava/lang/Object;ZZ)Ljava/lang/Object; @ 56 c2
Event: 1.985 Thread 0x0000022d6e03f030 DEOPT PACKING pc=0x0000022d5dc1b588 sp=0x000000bfc52fde20
Event: 1.985 Thread 0x0000022d6e03f030 DEOPT UNPACKING pc=0x0000022d5d6566a3 sp=0x000000bfc52fdd78 mode 2
Event: 1.985 Thread 0x0000022d6e03f030 Uncommon trap: trap_request=0xffffffc6 fr.pc=0x0000022d5dc1b588 relative=0x0000000000000948
Event: 1.985 Thread 0x0000022d6e03f030 Uncommon trap: reason=bimorphic_or_optimized_type_check action=maybe_recompile pc=0x0000022d5dc1b588 method=java.util.HashMap.putVal(ILjava/lang/Object;Ljava/lang/Object;ZZ)Ljava/lang/Object; @ 56 c2
Event: 1.985 Thread 0x0000022d6e03f030 DEOPT PACKING pc=0x0000022d5dc1b588 sp=0x000000bfc52fde20
Event: 1.985 Thread 0x0000022d6e03f030 DEOPT UNPACKING pc=0x0000022d5d6566a3 sp=0x000000bfc52fdd78 mode 2

Classes unloaded (7 events):
Event: 1.536 Thread 0x0000022d534e88d0 Unloading class 0x000000010021a400 'java/lang/invoke/LambdaForm$MH+0x000000010021a400'
Event: 1.536 Thread 0x0000022d534e88d0 Unloading class 0x000000010021a000 'java/lang/invoke/LambdaForm$MH+0x000000010021a000'
Event: 1.536 Thread 0x0000022d534e88d0 Unloading class 0x0000000100219c00 'java/lang/invoke/LambdaForm$MH+0x0000000100219c00'
Event: 1.536 Thread 0x0000022d534e88d0 Unloading class 0x0000000100219800 'java/lang/invoke/LambdaForm$MH+0x0000000100219800'
Event: 1.536 Thread 0x0000022d534e88d0 Unloading class 0x0000000100219400 'java/lang/invoke/LambdaForm$BMH+0x0000000100219400'
Event: 1.536 Thread 0x0000022d534e88d0 Unloading class 0x0000000100219000 'java/lang/invoke/LambdaForm$DMH+0x0000000100219000'
Event: 1.536 Thread 0x0000022d534e88d0 Unloading class 0x0000000100214400 'java/lang/invoke/LambdaForm$DMH+0x0000000100214400'

Classes redefined (0 events):
No events

Internal exceptions (20 events):
Event: 1.452 Thread 0x0000022d6e03f030 Exception <a 'java/io/FileNotFoundException'{0x00000000ec3125f0}> (0x00000000ec3125f0) 
thrown [s\src\hotspot\share\prims\jni.cpp, line 516]
Event: 1.483 Thread 0x0000022d6e03f030 Exception <a 'java/lang/NoSuchMethodError'{0x00000000eaccce78}: 'java.lang.Object java.lang.invoke.DirectMethodHandle$Holder.newInvokeSpecial(java.lang.Object, java.lang.Object, java.lang.Object, java.lang.Object, java.lang.Object)'> (0x00000000eaccce78) 
thrown [s\src\hotspot\share\interpreter\linkResolver.cpp, line 759]
Event: 1.496 Thread 0x0000022d6e03f030 Exception <a 'java/lang/NoSuchMethodError'{0x00000000eae056d8}: 'java.lang.Object java.lang.invoke.DirectMethodHandle$Holder.invokeStaticInit(java.lang.Object, int)'> (0x00000000eae056d8) 
thrown [s\src\hotspot\share\interpreter\linkResolver.cpp, line 759]
Event: 1.520 Thread 0x0000022d6e03f030 Exception <a 'java/lang/NoSuchMethodError'{0x00000000eb027b38}: 'java.lang.Object java.lang.invoke.DirectMethodHandle$Holder.invokeSpecial(java.lang.Object, java.lang.Object, java.lang.Object, long, java.lang.Object)'> (0x00000000eb027b38) 
thrown [s\src\hotspot\share\interpreter\linkResolver.cpp, line 759]
Event: 1.520 Thread 0x0000022d6e03f030 Exception <a 'java/lang/NoSuchMethodError'{0x00000000eb02fcf0}: 'java.lang.Object java.lang.invoke.DirectMethodHandle$Holder.newInvokeSpecial(java.lang.Object, java.lang.Object, java.lang.Object, long)'> (0x00000000eb02fcf0) 
thrown [s\src\hotspot\share\interpreter\linkResolver.cpp, line 759]
Event: 1.521 Thread 0x0000022d6e03f030 Exception <a 'java/lang/NoSuchMethodError'{0x00000000eb034290}: 'java.lang.Object java.lang.invoke.DirectMethodHandle$Holder.invokeSpecial(java.lang.Object, java.lang.Object, java.lang.Object, java.lang.Object, long)'> (0x00000000eb034290) 
thrown [s\src\hotspot\share\interpreter\linkResolver.cpp, line 759]
Event: 1.521 Thread 0x0000022d6e03f030 Exception <a 'java/lang/NoSuchMethodError'{0x00000000eb038108}: 'java.lang.Object java.lang.invoke.Invokers$Holder.linkToTargetMethod(java.lang.Object, java.lang.Object, long, java.lang.Object)'> (0x00000000eb038108) 
thrown [s\src\hotspot\share\interpreter\linkResolver.cpp, line 759]
Event: 1.526 Thread 0x0000022d6e03f030 Exception <a 'java/lang/NoSuchMethodError'{0x00000000eb104de8}: 'int java.lang.invoke.DirectMethodHandle$Holder.invokeStaticInit(java.lang.Object, java.lang.Object, java.lang.Object)'> (0x00000000eb104de8) 
thrown [s\src\hotspot\share\interpreter\linkResolver.cpp, line 759]
Event: 1.559 Thread 0x0000022d6e03f030 Exception <a 'java/lang/IncompatibleClassChangeError'{0x00000000eac620a8}: Found class java.lang.Object, but interface was expected> (0x00000000eac620a8) 
thrown [s\src\hotspot\share\interpreter\linkResolver.cpp, line 826]
Event: 1.567 Thread 0x0000022d6e03f030 Exception <a 'java/lang/NoSuchMethodError'{0x00000000eac83878}: 'java.lang.Object java.lang.invoke.DirectMethodHandle$Holder.invokeSpecial(java.lang.Object, java.lang.Object, java.lang.Object, int, java.lang.Object, java.lang.Object)'> (0x00000000eac83878) 
thrown [s\src\hotspot\share\interpreter\linkResolver.cpp, line 759]
Event: 1.567 Thread 0x0000022d6e03f030 Exception <a 'java/lang/NoSuchMethodError'{0x00000000eac8c000}: 'java.lang.Object java.lang.invoke.DirectMethodHandle$Holder.newInvokeSpecial(java.lang.Object, java.lang.Object, java.lang.Object, int, java.lang.Object)'> (0x00000000eac8c000) 
thrown [s\src\hotspot\share\interpreter\linkResolver.cpp, line 759]
Event: 1.568 Thread 0x0000022d6e03f030 Exception <a 'java/lang/NoSuchMethodError'{0x00000000eac90458}: 'java.lang.Object java.lang.invoke.DirectMethodHandle$Holder.invokeSpecial(java.lang.Object, java.lang.Object, java.lang.Object, java.lang.Object, int, java.lang.Object)'> (0x00000000eac90458) 
thrown [s\src\hotspot\share\interpreter\linkResolver.cpp, line 759]
Event: 1.568 Thread 0x0000022d6e78c250 Exception <a 'java/lang/NoSuchMethodError'{0x00000000eacc9c90}: 'java.lang.Object java.lang.invoke.DirectMethodHandle$Holder.invokeSpecial(java.lang.Object, java.lang.Object, int, java.lang.Object, java.lang.Object)'> (0x00000000eacc9c90) 
thrown [s\src\hotspot\share\interpreter\linkResolver.cpp, line 759]
Event: 1.568 Thread 0x0000022d6e78c250 Exception <a 'java/lang/NoSuchMethodError'{0x00000000eacd1360}: 'java.lang.Object java.lang.invoke.DirectMethodHandle$Holder.newInvokeSpecial(java.lang.Object, java.lang.Object, int, java.lang.Object)'> (0x00000000eacd1360) 
thrown [s\src\hotspot\share\interpreter\linkResolver.cpp, line 759]
Event: 1.569 Thread 0x0000022d6e78c250 Exception <a 'java/lang/NoSuchMethodError'{0x00000000eacd4e70}: 'java.lang.Object java.lang.invoke.DirectMethodHandle$Holder.invokeSpecial(java.lang.Object, java.lang.Object, java.lang.Object, int, java.lang.Object)'> (0x00000000eacd4e70) 
thrown [s\src\hotspot\share\interpreter\linkResolver.cpp, line 759]
Event: 1.938 Thread 0x0000022d6e03f030 Exception <a 'java/lang/ClassNotFoundException'{0x00000000eb645120}: com/sun/org/apache/xerces/internal/impl/msg/spi/DOMMessagesProvider> (0x00000000eb645120) 
thrown [s\src\hotspot\share\classfile\systemDictionary.cpp, line 256]
Event: 1.939 Thread 0x0000022d6e03f030 Implicit null exception at 0x0000022d5dc523f8 to 0x0000022d5dc53070
Event: 1.940 Thread 0x0000022d6e03f030 Exception <a 'java/lang/ClassNotFoundException'{0x00000000eb66cf00}: com/sun/org/apache/xerces/internal/impl/msg/spi/XMLSerializerMessagesProvider> (0x00000000eb66cf00) 
thrown [s\src\hotspot\share\classfile\systemDictionary.cpp, line 256]
Event: 1.940 Thread 0x0000022d6e03f030 Exception <a 'java/lang/ClassNotFoundException'{0x00000000eb67a138}: com/sun/org/apache/xerces/internal/impl/msg/spi/XMLMessagesProvider> (0x00000000eb67a138) 
thrown [s\src\hotspot\share\classfile\systemDictionary.cpp, line 256]
Event: 1.960 Thread 0x0000022d6e03f030 Exception <a 'java/lang/NoSuchMethodError'{0x00000000eb8a34d8}: 'java.lang.Object java.lang.invoke.DirectMethodHandle$Holder.newInvokeSpecial(java.lang.Object, int, java.lang.Object, java.lang.Object)'> (0x00000000eb8a34d8) 
thrown [s\src\hotspot\share\interpreter\linkResolver.cpp, line 759]

VM Operations (20 events):
Event: 1.460 Executing VM operation: ParallelGCFailedAllocation
Event: 1.463 Executing VM operation: ParallelGCFailedAllocation done
Event: 1.530 Executing VM operation: HandshakeAllThreads
Event: 1.530 Executing VM operation: HandshakeAllThreads done
Event: 1.532 Executing VM operation: CollectForMetadataAllocation
Event: 1.547 Executing VM operation: CollectForMetadataAllocation done
Event: 1.553 Executing VM operation: HandshakeAllThreads
Event: 1.553 Executing VM operation: HandshakeAllThreads done
Event: 1.574 Executing VM operation: HandshakeAllThreads
Event: 1.574 Executing VM operation: HandshakeAllThreads done
Event: 1.700 Executing VM operation: ParallelGCFailedAllocation
Event: 1.701 Executing VM operation: ParallelGCFailedAllocation done
Event: 1.838 Executing VM operation: ParallelGCFailedAllocation
Event: 1.839 Executing VM operation: ParallelGCFailedAllocation done
Event: 1.921 Executing VM operation: HandshakeAllThreads
Event: 1.921 Executing VM operation: HandshakeAllThreads done
Event: 1.982 Executing VM operation: HandshakeAllThreads
Event: 1.982 Executing VM operation: HandshakeAllThreads done
Event: 1.985 Executing VM operation: HandshakeAllThreads
Event: 1.985 Executing VM operation: HandshakeAllThreads done

Events (20 events):
Event: 1.981 loading class java/text/DigitList
Event: 1.981 loading class java/text/DigitList done
Event: 1.981 loading class java/math/RoundingMode
Event: 1.982 loading class java/math/RoundingMode done
Event: 1.983 loading class java/text/MessageFormat
Event: 1.983 loading class java/text/MessageFormat done
Event: 1.983 loading class java/text/MessageFormat$Field
Event: 1.983 loading class java/text/MessageFormat$Field done
Event: 1.984 loading class java/lang/ProcessEnvironment
Event: 1.984 loading class java/lang/ProcessEnvironment done
Event: 1.985 loading class java/lang/ProcessEnvironment$NameComparator
Event: 1.985 loading class java/lang/ProcessEnvironment$NameComparator done
Event: 1.985 loading class java/lang/ProcessEnvironment$EntryComparator
Event: 1.985 loading class java/lang/ProcessEnvironment$EntryComparator done
Event: 1.985 loading class java/lang/ProcessEnvironment$CheckedEntrySet
Event: 1.985 loading class java/lang/ProcessEnvironment$CheckedEntrySet done
Event: 1.985 loading class java/lang/ProcessEnvironment$CheckedEntrySet$1
Event: 1.985 loading class java/lang/ProcessEnvironment$CheckedEntrySet$1 done
Event: 1.985 loading class java/lang/ProcessEnvironment$CheckedEntry
Event: 1.985 loading class java/lang/ProcessEnvironment$CheckedEntry done


Dynamic libraries:
0x00007ff774d70000 - 0x00007ff774d7e000 	c:\Users\HP\.vscode\extensions\redhat.java-1.29.0-win32-x64\jre\17.0.10-win32-x86_64\bin\java.exe
0x00007ffd023d0000 - 0x00007ffd025e6000 	C:\WINDOWS\SYSTEM32\ntdll.dll
0x00007ffd00520000 - 0x00007ffd005e4000 	C:\WINDOWS\System32\KERNEL32.DLL
0x00007ffcff9e0000 - 0x00007ffcffd87000 	C:\WINDOWS\System32\KERNELBASE.dll
0x00007ffcff770000 - 0x00007ffcff881000 	C:\WINDOWS\System32\ucrtbase.dll
0x00007ffce66a0000 - 0x00007ffce66bb000 	c:\Users\HP\.vscode\extensions\redhat.java-1.29.0-win32-x64\jre\17.0.10-win32-x86_64\bin\VCRUNTIME140.dll
0x00007ffce69d0000 - 0x00007ffce69e7000 	c:\Users\HP\.vscode\extensions\redhat.java-1.29.0-win32-x64\jre\17.0.10-win32-x86_64\bin\jli.dll
0x00007ffd00340000 - 0x00007ffd004ee000 	C:\WINDOWS\System32\USER32.dll
0x00007ffcfff00000 - 0x00007ffcfff26000 	C:\WINDOWS\System32\win32u.dll
0x00007ffcec1a0000 - 0x00007ffcec433000 	C:\WINDOWS\WinSxS\amd64_microsoft.windows.common-controls_6595b64144ccf1df_6.0.22621.3235_none_270f74e173860f98\COMCTL32.dll
0x00007ffd004f0000 - 0x00007ffd00519000 	C:\WINDOWS\System32\GDI32.dll
0x00007ffd00ad0000 - 0x00007ffd00b77000 	C:\WINDOWS\System32\msvcrt.dll
0x00007ffcff8c0000 - 0x00007ffcff9d9000 	C:\WINDOWS\System32\gdi32full.dll
0x00007ffcffff0000 - 0x00007ffd0008a000 	C:\WINDOWS\System32\msvcp_win.dll
0x00007ffd01f70000 - 0x00007ffd01fa1000 	C:\WINDOWS\System32\IMM32.DLL
0x00007ffcfafc0000 - 0x00007ffcfafcc000 	c:\Users\HP\.vscode\extensions\redhat.java-1.29.0-win32-x64\jre\17.0.10-win32-x86_64\bin\vcruntime140_1.dll
0x00007ffcd4700000 - 0x00007ffcd478d000 	c:\Users\HP\.vscode\extensions\redhat.java-1.29.0-win32-x64\jre\17.0.10-win32-x86_64\bin\msvcp140.dll
0x00007ffc690e0000 - 0x00007ffc69d42000 	c:\Users\HP\.vscode\extensions\redhat.java-1.29.0-win32-x64\jre\17.0.10-win32-x86_64\bin\server\jvm.dll
0x00007ffd01730000 - 0x00007ffd017e2000 	C:\WINDOWS\System32\ADVAPI32.dll
0x00007ffd00b90000 - 0x00007ffd00c38000 	C:\WINDOWS\System32\sechost.dll
0x00007ffcff890000 - 0x00007ffcff8b8000 	C:\WINDOWS\System32\bcrypt.dll
0x00007ffd02270000 - 0x00007ffd02385000 	C:\WINDOWS\System32\RPCRT4.dll
0x00007ffcfa8d0000 - 0x00007ffcfa8d9000 	C:\WINDOWS\SYSTEM32\WSOCK32.dll
0x00007ffcf9210000 - 0x00007ffcf9244000 	C:\WINDOWS\SYSTEM32\WINMM.dll
0x00007ffd00100000 - 0x00007ffd00171000 	C:\WINDOWS\System32\WS2_32.dll
0x00007ffcff5c0000 - 0x00007ffcff60d000 	C:\WINDOWS\SYSTEM32\POWRPROF.dll
0x00007ffcf8b50000 - 0x00007ffcf8b5a000 	C:\WINDOWS\SYSTEM32\VERSION.dll
0x00007ffcff5a0000 - 0x00007ffcff5b3000 	C:\WINDOWS\SYSTEM32\UMPDC.dll
0x00007ffcfe740000 - 0x00007ffcfe758000 	C:\WINDOWS\SYSTEM32\kernel.appcore.dll
0x00007ffcfae50000 - 0x00007ffcfae5a000 	c:\Users\HP\.vscode\extensions\redhat.java-1.29.0-win32-x64\jre\17.0.10-win32-x86_64\bin\jimage.dll
0x00007ffcf6c50000 - 0x00007ffcf6e83000 	C:\WINDOWS\SYSTEM32\DBGHELP.DLL
0x00007ffd01a80000 - 0x00007ffd01e08000 	C:\WINDOWS\System32\combase.dll
0x00007ffd017f0000 - 0x00007ffd018c7000 	C:\WINDOWS\System32\OLEAUT32.dll
0x00007ffce1960000 - 0x00007ffce1992000 	C:\WINDOWS\SYSTEM32\dbgcore.DLL
0x00007ffcff6f0000 - 0x00007ffcff769000 	C:\WINDOWS\System32\bcryptPrimitives.dll
0x00007ffcfa5d0000 - 0x00007ffcfa5de000 	c:\Users\HP\.vscode\extensions\redhat.java-1.29.0-win32-x64\jre\17.0.10-win32-x86_64\bin\instrument.dll
0x00007ffcdbd80000 - 0x00007ffcdbda5000 	c:\Users\HP\.vscode\extensions\redhat.java-1.29.0-win32-x64\jre\17.0.10-win32-x86_64\bin\java.dll
0x00007ffce0ac0000 - 0x00007ffce0ad8000 	c:\Users\HP\.vscode\extensions\redhat.java-1.29.0-win32-x64\jre\17.0.10-win32-x86_64\bin\zip.dll
0x00007ffd00c40000 - 0x00007ffd0149c000 	C:\WINDOWS\System32\SHELL32.dll
0x00007ffcfd670000 - 0x00007ffcfdf69000 	C:\WINDOWS\SYSTEM32\windows.storage.dll
0x00007ffcfd530000 - 0x00007ffcfd66e000 	C:\WINDOWS\SYSTEM32\wintypes.dll
0x00007ffd01e60000 - 0x00007ffd01f53000 	C:\WINDOWS\System32\SHCORE.dll
0x00007ffd00a70000 - 0x00007ffd00ace000 	C:\WINDOWS\System32\shlwapi.dll
0x00007ffcff620000 - 0x00007ffcff641000 	C:\WINDOWS\SYSTEM32\profapi.dll
0x00007ffcde0a0000 - 0x00007ffcde0b9000 	C:\Users\HP\.vscode\extensions\redhat.java-1.29.0-win32-x64\jre\17.0.10-win32-x86_64\bin\net.dll
0x00007ffcf9440000 - 0x00007ffcf9576000 	C:\WINDOWS\SYSTEM32\WINHTTP.dll
0x00007ffcfebb0000 - 0x00007ffcfec19000 	C:\WINDOWS\system32\mswsock.dll
0x00007ffcdbe80000 - 0x00007ffcdbe96000 	C:\Users\HP\.vscode\extensions\redhat.java-1.29.0-win32-x64\jre\17.0.10-win32-x86_64\bin\nio.dll
0x00007ffce6cb0000 - 0x00007ffce6cc0000 	c:\Users\HP\.vscode\extensions\redhat.java-1.29.0-win32-x64\jre\17.0.10-win32-x86_64\bin\verify.dll
0x00007ffcc3ce0000 - 0x00007ffcc3d1e000 	C:\Users\HP\AppData\Roaming\Code\User\globalStorage\redhat.java\1.29.0\config_ss_win\org.eclipse.equinox.launcher\org.eclipse.equinox.launcher.win32.win32.x86_64_1.2.900.v20240213-1244\eclipse_11900.dll
0x00007ffd018d0000 - 0x00007ffd01a75000 	C:\WINDOWS\System32\ole32.dll

dbghelp: loaded successfully - version: 4.0.5 - missing functions: none
symbol engine: initialized successfully - sym options: 0x614 - pdb path: .;c:\Users\HP\.vscode\extensions\redhat.java-1.29.0-win32-x64\jre\17.0.10-win32-x86_64\bin;C:\WINDOWS\SYSTEM32;C:\WINDOWS\WinSxS\amd64_microsoft.windows.common-controls_6595b64144ccf1df_6.0.22621.3235_none_270f74e173860f98;c:\Users\HP\.vscode\extensions\redhat.java-1.29.0-win32-x64\jre\17.0.10-win32-x86_64\bin\server;C:\Users\HP\AppData\Roaming\Code\User\globalStorage\redhat.java\1.29.0\config_ss_win\org.eclipse.equinox.launcher\org.eclipse.equinox.launcher.win32.win32.x86_64_1.2.900.v20240213-1244

VM Arguments:
jvm_args: --add-modules=ALL-SYSTEM --add-opens=java.base/java.util=ALL-UNNAMED --add-opens=java.base/java.lang=ALL-UNNAMED --add-opens=java.base/sun.nio.fs=ALL-UNNAMED -Declipse.application=org.eclipse.jdt.ls.core.id1 -Dosgi.bundles.defaultStartLevel=4 -Declipse.product=org.eclipse.jdt.ls.core.product -Djava.import.generatesMetadataFilesAtProjectRoot=false -DDetectVMInstallationsJob.disabled=true -Dfile.encoding=utf8 -XX:+UseParallelGC -XX:GCTimeRatio=4 -XX:AdaptiveSizePolicyWeight=90 -Dsun.zip.disableMemoryMapping=true -Xmx1G -Xms100m -Xlog:disable -javaagent:c:\Users\HP\.vscode\extensions\redhat.java-1.29.0-win32-x64\lombok\lombok-1.18.32.jar 
java_command: c:\Users\HP\.vscode\extensions\redhat.java-1.29.0-win32-x64\server\plugins\org.eclipse.equinox.launcher_1.6.800.v20240304-1850.jar -configuration c:\Users\HP\AppData\Roaming\Code\User\globalStorage\redhat.java\1.29.0\config_ss_win -data c:\Users\HP\AppData\Roaming\Code\User\workspaceStorage\bf1ef9b32526505f17ea9d297989188c\redhat.java\ss_ws --stdio
java_class_path (initial): c:\Users\HP\.vscode\extensions\redhat.java-1.29.0-win32-x64\server\plugins\org.eclipse.equinox.launcher_1.6.800.v20240304-1850.jar
Launcher Type: SUN_STANDARD

[Global flags]
    uintx AdaptiveSizePolicyWeight                 = 90                                        {product} {command line}
     intx CICompilerCount                          = 4                                         {product} {ergonomic}
    uintx GCTimeRatio                              = 4                                         {product} {command line}
   size_t InitialHeapSize                          = 104857600                                 {product} {command line}
   size_t MaxHeapSize                              = 1073741824                                {product} {command line}
   size_t MaxNewSize                               = 357564416                                 {product} {ergonomic}
   size_t MinHeapDeltaBytes                        = 524288                                    {product} {ergonomic}
   size_t MinHeapSize                              = 104857600                                 {product} {command line}
   size_t NewSize                                  = 34603008                                  {product} {ergonomic}
    uintx NonNMethodCodeHeapSize                   = 5839372                                {pd product} {ergonomic}
    uintx NonProfiledCodeHeapSize                  = 122909434                              {pd product} {ergonomic}
   size_t OldSize                                  = 70254592                                  {product} {ergonomic}
    uintx ProfiledCodeHeapSize                     = 122909434                              {pd product} {ergonomic}
    uintx ReservedCodeCacheSize                    = 251658240                              {pd product} {ergonomic}
     bool SegmentedCodeCache                       = true                                      {product} {ergonomic}
   size_t SoftMaxHeapSize                          = 1073741824                             {manageable} {ergonomic}
     bool UseCompressedClassPointers               = true                           {product lp64_product} {ergonomic}
     bool UseCompressedOops                        = true                           {product lp64_product} {ergonomic}
     bool UseLargePagesIndividualAllocation        = false                                  {pd product} {ergonomic}
     bool UseParallelGC                            = true                                      {product} {command line}

Logging:
Log output configuration:
 #0: stdout all=off uptime,level,tags
 #1: stderr all=off uptime,level,tags

Environment Variables:
PATH=C:\Program Files\Eclipse Adoptium\jre-17.0.8.101-hotspot\bin;C:\Program Files\Common Files\Oracle\Java\javapath;C:\Program Files (x86)\Common Files\Oracle\Java\javapath;C:\ProgramData\Oracle\Java\javapath;C:\windows\system32;C:\windows;C:\windows\System32\Wbem;C:\windows\System32\WindowsPowerShell\v1.0\;C:\windows\System32\OpenSSH\;C:\Program Files (x86)\NVIDIA Corporation\PhysX\Common;C:\Program Files\NVIDIA Corporation\NVIDIA NvDLISR;C:\MinGW\bin;C:\Program Files\Git\cmd;C:\WINDOWS\system32;C:\WINDOWS;C:\WINDOWS\System32\Wbem;C:\WINDOWS\System32\WindowsPowerShell\v1.0\;C:\WINDOWS\System32\OpenSSH\;C:\Program Files\nodejs\;C:\Program Files\dotnet\;C:\Users\HP\AppData\Local\Programs\Python\Python312\Scripts\;C:\Users\HP\AppData\Local\Programs\Python\Python312\;C:\Users\HP\AppData\Local\Programs\Python\Python311\Scripts\;C:\Users\HP\AppData\Local\Programs\Python\Python311\;C:\Users\HP\AppData\Local\Microsoft\WindowsApps;C:\Users\HP\AppData\Local\Programs\Microsoft VS Code\bin;C:\MinGW\bin;C:\Users\HP\AppData\Roaming\npm;C:\Users\HP\AppData\Local\Programs\Python\Python311\Scripts;C:\Program Files\Python311;C:\Program Files\Python311\Scripts;C:\MAD\flutter\bin;C:\Program Files (x86)\Nmap
USERNAME=HP
OS=Windows_NT
PROCESSOR_IDENTIFIER=AMD64 Family 25 Model 80 Stepping 0, AuthenticAMD
TMP=C:\Users\HP\AppData\Local\Temp
TEMP=C:\Users\HP\AppData\Local\Temp



Periodic native trim disabled


---------------  S Y S T E M  ---------------

OS:
 Windows 11 , 64 bit Build 22621 (10.0.22621.3374)
OS uptime: 0 days 2:41 hours

CPU: total 12 (initial active 12) (12 cores per cpu, 2 threads per core) family 25 model 80 stepping 0 microcode 0x0, cx8, cmov, fxsr, ht, mmx, 3dnowpref, sse, sse2, sse3, ssse3, sse4a, sse4.1, sse4.2, popcnt, lzcnt, tsc, tscinvbit, avx, avx2, aes, erms, clmul, bmi1, bmi2, adx, sha, fma, vzeroupper, clflush, clflushopt
Processor Information for all 12 processors :
  Max Mhz: 3301, Current Mhz: 3301, Mhz Limit: 3301

Memory: 4k page, system-wide physical 7521M (313M free)
TotalPageFile size 31073M (AvailPageFile size 7M)
current process WorkingSet (physical memory assigned to process): 137M, peak: 141M
current process commit charge ("private bytes"): 253M, peak: 255M

vm_info: OpenJDK 64-Bit Server VM (17.0.10+7) for windows-amd64 JRE (17.0.10+7), built on Jan 16 2024 23:25:11 by "admin" with MS VC++ 16.10 / 16.11 (VS2019)

END.
